<?xml version="1.0" encoding="UTF-8"?>
<testsuite name="com.powers.power.abilities.PlantHealingRulesTest" tests="1" skipped="0" failures="0" errors="0" timestamp="2026-08-31T06:35:27.585Z" hostname="MacBook-Pro-de-James.local" time="0.0">
  <properties/>
  <testcase name="crouchHealingIncludesTheTwoBlockBoundaryButNothingBeyondIt()" classname="com.powers.power.abilities.PlantHealingRulesTest" time="0.0"/>
  <system-out><![CDATA[]]></system-out>
  <system-err><![CDATA[]]></system-err>
</testsuite>
