<?xml version="1.0" encoding="UTF-8"?>
<testsuite name="com.powers.quality.ClientTranslationContractTest" tests="4" skipped="0" failures="0" errors="0" timestamp="2026-08-31T06:35:27.722Z" hostname="MacBook-Pro-de-James.local" time="0.042">
  <properties/>
  <testcase name="everyNumberedPowerMessageHasEveryAdvertisedVariant()" classname="com.powers.quality.ClientTranslationContractTest" time="0.02"/>
  <testcase name="everyLiteralServerTranslationKeyExists()" classname="com.powers.quality.ClientTranslationContractTest" time="0.017"/>
  <testcase name="cartographerScreenTeachesTheAcceptedQueryGrammar()" classname="com.powers.quality.ClientTranslationContractTest" time="0.0"/>
  <testcase name="everyLiteralClientTranslationKeyExists()" classname="com.powers.quality.ClientTranslationContractTest" time="0.003"/>
  <system-out><![CDATA[]]></system-out>
  <system-err><![CDATA[]]></system-err>
</testsuite>
