<?xml version="1.0" encoding="UTF-8"?>
<testsuite name="com.powers.power.travel.SafeDestinationPolicyTest" tests="10" skipped="0" failures="0" errors="0" timestamp="2026-08-31T06:35:27.674Z" hostname="MacBook-Pro-de-James.local" time="0.001">
  <properties/>
  <testcase name="rejectsNanAndInfinity()" classname="com.powers.power.travel.SafeDestinationPolicyTest" time="0.001"/>
  <testcase name="acceptsAFinitePointInsideBorderAndHeight()" classname="com.powers.power.travel.SafeDestinationPolicyTest" time="0.0"/>
  <testcase name="everyRouteMayMoveWithinTheSameMindscapeButOnlyRecoveryCanBypassDeparture()" classname="com.powers.power.travel.SafeDestinationPolicyTest" time="0.0"/>
  <testcase name="darkRealmDepartureRequiresReturningToTheBodyBeforeAnyOtherModTravel()" classname="com.powers.power.travel.SafeDestinationPolicyTest" time="0.0"/>
  <testcase name="qualifiedBodyReturnMayLeaveTheMindscape()" classname="com.powers.power.travel.SafeDestinationPolicyTest" time="0.0"/>
  <testcase name="lightRealmDepartureStillRequiresAnExplicitBodyReturnAtLevelFive()" classname="com.powers.power.travel.SafeDestinationPolicyTest" time="0.0"/>
  <testcase name="playerReturnObeysRealmGatesButAdministrativeRecoveryCannotBeTrapped()" classname="com.powers.power.travel.SafeDestinationPolicyTest" time="0.0"/>
  <testcase name="darkRealmEntryStillAllowsItsCrystalButRejectsUngatedTeleportPowers()" classname="com.powers.power.travel.SafeDestinationPolicyTest" time="0.0"/>
  <testcase name="maximumBuildHeightIsExclusive()" classname="com.powers.power.travel.SafeDestinationPolicyTest" time="0.0"/>
  <testcase name="middleworldAcceptsItsCrystalButNotOrdinaryTeleportPowers()" classname="com.powers.power.travel.SafeDestinationPolicyTest" time="0.0"/>
  <system-out><![CDATA[]]></system-out>
  <system-err><![CDATA[]]></system-err>
</testsuite>
