<?xml version="1.0" encoding="UTF-8"?>
<testsuite name="com.powers.magic.runtime.MagicRuntimeTest" tests="8" skipped="0" failures="0" errors="0" timestamp="2026-08-31T06:35:25.604Z" hostname="MacBook-Pro-de-James.local" time="0.004">
  <properties/>
  <testcase name="anchorCancelsTravelBeforeAResidueCanCommit()" classname="com.powers.magic.runtime.MagicRuntimeTest" time="0.002"/>
  <testcase name="repeatedPairInOneCellAndTickEmitsOneReactionCue()" classname="com.powers.magic.runtime.MagicRuntimeTest" time="0.0"/>
  <testcase name="rejectedPreviewEmitsOnlyTheReactionThatActuallyBlockedTheCast()" classname="com.powers.magic.runtime.MagicRuntimeTest" time="0.001"/>
  <testcase name="ownerAndServerCleanupRemoveRuntimeStateAndDedupeKeys()" classname="com.powers.magic.runtime.MagicRuntimeTest" time="0.0"/>
  <testcase name="successfulCommitRegistersAdjustedResidueOnlyAfterExecution()" classname="com.powers.magic.runtime.MagicRuntimeTest" time="0.0"/>
  <testcase name="explicitlyRemovedImpactPresenceCannotCollideAgain()" classname="com.powers.magic.runtime.MagicRuntimeTest" time="0.0"/>
  <testcase name="delayedExecutionRebasesResidueAtTheActualCompletionPlaceAndTick()" classname="com.powers.magic.runtime.MagicRuntimeTest" time="0.001"/>
  <testcase name="allowedPreviewHasNoReactionSideEffectsUntilSuccessfulCommitPathEmitsIt()" classname="com.powers.magic.runtime.MagicRuntimeTest" time="0.0"/>
  <system-out><![CDATA[]]></system-out>
  <system-err><![CDATA[]]></system-err>
</testsuite>
