<?xml version="1.0" encoding="UTF-8"?>
<testsuite name="com.powers.audit.OperatorAuditEventTest" tests="2" skipped="0" failures="0" errors="0" timestamp="2026-08-31T06:35:17.468Z" hostname="MacBook-Pro-de-James.local" time="0.001">
  <properties/>
  <testcase name="privilegedHooksUseAClosedSetOfAggregateActions()" classname="com.powers.audit.OperatorAuditEventTest" time="0.0"/>
  <testcase name="structuredLineStripsLogInjectionAndBoundsIdentifyingFields()" classname="com.powers.audit.OperatorAuditEventTest" time="0.001"/>
  <system-out><![CDATA[]]></system-out>
  <system-err><![CDATA[]]></system-err>
</testsuite>
