<?xml version="1.0" encoding="UTF-8"?>
<testsuite name="com.powers.diagnostics.TickWorkMetricsTest" tests="2" skipped="0" failures="0" errors="0" timestamp="2026-08-31T06:35:24.718Z" hostname="MacBook-Pro-de-James.local" time="0.001">
  <properties/>
  <testcase name="negativeAmountsCannotCorruptDiagnostics()" classname="com.powers.diagnostics.TickWorkMetricsTest" time="0.001"/>
  <testcase name="countersAccumulateWithinTickAndResetAtNextTick()" classname="com.powers.diagnostics.TickWorkMetricsTest" time="0.0"/>
  <system-out><![CDATA[]]></system-out>
  <system-err><![CDATA[]]></system-err>
</testsuite>
