<?xml version="1.0" encoding="UTF-8"?>
<testsuite name="com.powers.power.abilities.BreezyBashRulesTest" tests="5" skipped="0" failures="0" errors="0" timestamp="2026-08-31T06:35:27.577Z" hostname="MacBook-Pro-de-James.local" time="0.001">
  <properties/>
  <testcase name="rankCapsRemainFinite()" classname="com.powers.power.abilities.BreezyBashRulesTest" time="0.0"/>
  <testcase name="ownershipAndLifecycleRejectCompetingOrInvalidRites()" classname="com.powers.power.abilities.BreezyBashRulesTest" time="0.0"/>
  <testcase name="captureCountersResolveInPrivacyFirstOrder()" classname="com.powers.power.abilities.BreezyBashRulesTest" time="0.0"/>
  <testcase name="projectileCurvaturePushesOutwardUnderSpeedCap()" classname="com.powers.power.abilities.BreezyBashRulesTest" time="0.001"/>
  <testcase name="launchAndSlamImpulsesAreFinite()" classname="com.powers.power.abilities.BreezyBashRulesTest" time="0.0"/>
  <system-out><![CDATA[]]></system-out>
  <system-err><![CDATA[]]></system-err>
</testsuite>
