<?xml version="1.0" encoding="UTF-8"?>
<testsuite name="com.powers.quality.SourceQualityTest" tests="5" skipped="0" failures="0" errors="0" timestamp="2026-08-31T06:35:42.207Z" hostname="MacBook-Pro-de-James.local" time="23.042">
  <properties/>
  <testcase name="productionSourcesContainNoUnfinishedDebugOrWildcardShortcuts()" classname="com.powers.quality.SourceQualityTest" time="8.175"/>
  <testcase name="responsibilityClassesStayWithinTheReviewedSizeBoundary()" classname="com.powers.quality.SourceQualityTest" time="7.528"/>
  <testcase name="powerOwnedEffectsCannotReintroduceVanillaPotionClouds()" classname="com.powers.quality.SourceQualityTest" time="0.018"/>
  <testcase name="playerTravelPathsNeverSynchronouslyLoadOrGenerateDestinationChunks()" classname="com.powers.quality.SourceQualityTest" time="0.0"/>
  <testcase name="everyProductionJavaFileIsAuditedAndPublicContractsAreDocumented()" classname="com.powers.quality.SourceQualityTest" time="7.321"/>
  <system-out><![CDATA[]]></system-out>
  <system-err><![CDATA[]]></system-err>
</testsuite>
