<?xml version="1.0" encoding="UTF-8"?>
<testsuite name="com.powers.progression.RankPresentationTest" tests="2" skipped="0" failures="0" errors="0" timestamp="2026-08-31T06:35:27.688Z" hostname="MacBook-Pro-de-James.local" time="0.0">
  <properties/>
  <testcase name="mazeDescribesRealTransformationsInsteadOfRetiredPercentPerks()" classname="com.powers.progression.RankPresentationTest" time="0.0"/>
  <testcase name="readableScaleFitsLongLabelsWithoutVanishing()" classname="com.powers.progression.RankPresentationTest" time="0.0"/>
  <system-out><![CDATA[]]></system-out>
  <system-err><![CDATA[]]></system-err>
</testsuite>
