<?xml version="1.0" encoding="UTF-8"?>
<testsuite name="com.powers.companion.ShadowRequestParserTest" tests="3" skipped="0" failures="0" errors="0" timestamp="2026-08-31T06:35:24.660Z" hostname="MacBook-Pro-de-James.local" time="0.003">
  <properties/>
  <testcase name="parsesCountsRegistryNamesAndRangePreferences()" classname="com.powers.companion.ShadowRequestParserTest" time="0.002"/>
  <testcase name="recentReferentsResolveAndAmbiguityNeverGuesses()" classname="com.powers.companion.ShadowRequestParserTest" time="0.0"/>
  <testcase name="recognizesEveryTaskFamilyWithoutConsumingOrdinaryChat()" classname="com.powers.companion.ShadowRequestParserTest" time="0.0"/>
  <system-out><![CDATA[]]></system-out>
  <system-err><![CDATA[]]></system-err>
</testsuite>
