<?xml version="1.0" encoding="UTF-8"?>
<testsuite name="com.powers.spell.ChannelRulesTest" tests="2" skipped="0" failures="0" errors="0" timestamp="2026-08-31T06:36:05.262Z" hostname="MacBook-Pro-de-James.local" time="0.0">
  <properties/>
  <testcase name="damageMovementBookSwapAndDampeningInterruptRituals()" classname="com.powers.spell.ChannelRulesTest" time="0.0"/>
  <testcase name="channelCompletesOnlyAtItsDeadline()" classname="com.powers.spell.ChannelRulesTest" time="0.0"/>
  <system-out><![CDATA[]]></system-out>
  <system-err><![CDATA[]]></system-err>
</testsuite>
