<?xml version="1.0" encoding="UTF-8"?>
<testsuite name="com.powers.fx.VisualScarDeliveryRulesTest" tests="19" skipped="0" failures="0" errors="0" timestamp="2026-08-31T06:35:24.948Z" hostname="MacBook-Pro-de-James.local" time="0.237">
  <properties/>
  <testcase name="oneAndFivePercentInjectedLossProfilesConvergeWhileAuthorityRemainsActive()" classname="com.powers.fx.VisualScarDeliveryRulesTest" time="0.006"/>
  <testcase name="sessionOwnershipIsConstantTimeAndFailureCallbacksRequireExactSend()" classname="com.powers.fx.VisualScarDeliveryRulesTest" time="0.001"/>
  <testcase name="resyncOwnsFairShareUnderContinuousLiveSaturationAndLendsUnusedCapacity()" classname="com.powers.fx.VisualScarDeliveryRulesTest" time="0.004"/>
  <testcase name="resyncOnlySessionOwnershipIsHardBoundedAcrossReconnectAndDimensionChurn()" classname="com.powers.fx.VisualScarDeliveryRulesTest" time="0.0"/>
  <testcase name="revisionedStableKeyResyncRestartsOnMutationAndNeverCrossesDimension()" classname="com.powers.fx.VisualScarDeliveryRulesTest" time="0.0"/>
  <testcase name="heldSnapshotFinishesStableTailDuringPerTickRevisionChurnThenSchedulesNextPass()" classname="com.powers.fx.VisualScarDeliveryRulesTest" time="0.215"/>
  <testcase name="reconnectDimensionAndLogoutCancelStaleSessionTail()" classname="com.powers.fx.VisualScarDeliveryRulesTest" time="0.001"/>
  <testcase name="activeResyncIsIdempotentAndDelayedResetRemainsCurrent()" classname="com.powers.fx.VisualScarDeliveryRulesTest" time="0.0"/>
  <testcase name="globalDrainIsFairBoundedConnectionScopedAndEventuallyConverges()" classname="com.powers.fx.VisualScarDeliveryRulesTest" time="0.0"/>
  <testcase name="deliveryEpochPersistsAfterPassAndOnlyDistinctPassAdvancesIt()" classname="com.powers.fx.VisualScarDeliveryRulesTest" time="0.001"/>
  <testcase name="repeatedUpdatesCoalesceAndExactRemoveTakesPrecedence()" classname="com.powers.fx.VisualScarDeliveryRulesTest" time="0.0"/>
  <testcase name="authoritativeSnapshotRejectsResetRows()" classname="com.powers.fx.VisualScarDeliveryRulesTest" time="0.0"/>
  <testcase name="resyncSkipsRemovedHeldRowsAndCurrentTombstoneWins()" classname="com.powers.fx.VisualScarDeliveryRulesTest" time="0.0"/>
  <testcase name="lostSnapshotRowRetriesThatRowWithoutRestartingThePass()" classname="com.powers.fx.VisualScarDeliveryRulesTest" time="0.0"/>
  <testcase name="saturatedDrainRefillConvergesToEvolvingNonemptyAuthorityWithoutLeaseExpiry()" classname="com.powers.fx.VisualScarDeliveryRulesTest" time="0.001"/>
  <testcase name="guardedSendFailuresResyncOnlyCurrentSupportedSessions()" classname="com.powers.fx.VisualScarDeliveryRulesTest" time="0.0"/>
  <testcase name="exactRemoveEvictsCreateAndMarksCrossObserverVictimForResync()" classname="com.powers.fx.VisualScarDeliveryRulesTest" time="0.0"/>
  <testcase name="resetBarrierRecoversLostRemoveAndTombstoneSaturationBeforeActiveCreates()" classname="com.powers.fx.VisualScarDeliveryRulesTest" time="0.0"/>
  <testcase name="observerAndGlobalFloodsSetCursorInsteadOfMaterialisingCartesianState()" classname="com.powers.fx.VisualScarDeliveryRulesTest" time="0.007"/>
  <system-out><![CDATA[]]></system-out>
  <system-err><![CDATA[]]></system-err>
</testsuite>
