<?xml version="1.0" encoding="UTF-8"?>
<testsuite name="com.powers.power.abilities.ControlResistanceTest" tests="2" skipped="0" failures="0" errors="0" timestamp="2026-08-31T06:35:27.578Z" hostname="MacBook-Pro-de-James.local" time="0.001">
  <properties/>
  <testcase name="everyOutcomeHasAnExplicitDurationAndImpulsePolicy()" classname="com.powers.power.abilities.ControlResistanceTest" time="0.001"/>
  <testcase name="tagPrecedenceCannotSilentlyChange()" classname="com.powers.power.abilities.ControlResistanceTest" time="0.0"/>
  <system-out><![CDATA[]]></system-out>
  <system-err><![CDATA[]]></system-err>
</testsuite>
