<?xml version="1.0" encoding="UTF-8"?>
<testsuite name="com.powers.config.ConfigValidationReportTest" tests="5" skipped="0" failures="0" errors="0" timestamp="2026-08-31T06:35:24.690Z" hostname="MacBook-Pro-de-James.local" time="0.012">
  <properties/>
  <testcase name="reportRetainsOnlyABoundedNumberOfFieldReasons()" classname="com.powers.config.ConfigValidationReportTest" time="0.0"/>
  <testcase name="nullSafeZoneEntriesDefaultSafelyWithoutCoordinatesInTheReport()" classname="com.powers.config.ConfigValidationReportTest" time="0.007"/>
  <testcase name="parseReportsDefaultSubstitutionAndClampWithoutRawValues()" classname="com.powers.config.ConfigValidationReportTest" time="0.002"/>
  <testcase name="malformedPolicyPatchesFailClosedAndAreReportedWithoutRawValues()" classname="com.powers.config.ConfigValidationReportTest" time="0.001"/>
  <testcase name="parsesWorldAndDimensionPolicyPatchesWithoutFlatteningTheirOrigins()" classname="com.powers.config.ConfigValidationReportTest" time="0.001"/>
  <system-out><![CDATA[]]></system-out>
  <system-err><![CDATA[]]></system-err>
</testsuite>
