<?xml version="1.0" encoding="UTF-8"?>
<testsuite name="com.powers.companion.LoreDialogueEngineTest" tests="2" skipped="0" failures="0" errors="0" timestamp="2026-08-31T06:35:24.551Z" hostname="MacBook-Pro-de-James.local" time="0.005">
  <properties/>
  <testcase name="speaksFromFictionalContextWithoutImmediateRepetition()" classname="com.powers.companion.LoreDialogueEngineTest" time="0.004"/>
  <testcase name="bossVoiceUsesASeparateOriginalRegister()" classname="com.powers.companion.LoreDialogueEngineTest" time="0.0"/>
  <system-out><![CDATA[]]></system-out>
  <system-err><![CDATA[]]></system-err>
</testsuite>
