<?xml version="1.0" encoding="UTF-8"?>
<testsuite name="com.powers.entity.PlayerLikeTargetTest" tests="2" skipped="0" failures="0" errors="0" timestamp="2026-08-31T06:35:24.726Z" hostname="MacBook-Pro-de-James.local" time="0.0">
  <properties/>
  <testcase name="arbitraryObjectIsNeitherCompatibleNorConsenting()" classname="com.powers.entity.PlayerLikeTargetTest" time="0.0"/>
  <testcase name="arbitraryMarkerTargetIsCompatibleButCannotBypassConsent()" classname="com.powers.entity.PlayerLikeTargetTest" time="0.0"/>
  <system-out><![CDATA[]]></system-out>
  <system-err><![CDATA[]]></system-err>
</testsuite>
