<?xml version="1.0" encoding="UTF-8"?>
<testsuite name="com.powers.fx.ViewerSpatialIndexTest" tests="3" skipped="0" failures="0" errors="0" timestamp="2026-08-31T06:35:24.947Z" hostname="MacBook-Pro-de-James.local" time="0.001">
  <properties/>
  <testcase name="clearDropsEveryCachedViewer()" classname="com.powers.fx.ViewerSpatialIndexTest" time="0.001"/>
  <testcase name="rareEventRangeUsesBoundedViewerScanBeyondOrdinaryCellRadius()" classname="com.powers.fx.ViewerSpatialIndexTest" time="0.0"/>
  <testcase name="returnsOnlyViewersInsideTheExactHorizontalRange()" classname="com.powers.fx.ViewerSpatialIndexTest" time="0.0"/>
  <system-out><![CDATA[]]></system-out>
  <system-err><![CDATA[]]></system-err>
</testsuite>
