<?xml version="1.0" encoding="UTF-8"?>
<testsuite name="com.powers.audio.LayeredAudioProductionBoundaryTest" tests="4" skipped="0" failures="0" errors="0" timestamp="2026-08-31T06:35:17.284Z" hostname="MacBook-Pro-de-James.local" time="0.18">
  <properties/>
  <testcase name="everyCatalogueCueHasAProductionOrAcceptanceEmissionPath()" classname="com.powers.audio.LayeredAudioProductionBoundaryTest" time="0.107"/>
  <testcase name="celestialRingingRetainsAuthoritativeOriginAtBothExistingTimings()" classname="com.powers.audio.LayeredAudioProductionBoundaryTest" time="0.0"/>
  <testcase name="legacyDistantEventAudioTypesAndDirectBasePlaybackAreAbsent()" classname="com.powers.audio.LayeredAudioProductionBoundaryTest" time="0.073"/>
  <testcase name="centralSoundBoundaryRoutesCatalogueEventsAndPreservesVanillaFallback()" classname="com.powers.audio.LayeredAudioProductionBoundaryTest" time="0.0"/>
  <system-out><![CDATA[]]></system-out>
  <system-err><![CDATA[]]></system-err>
</testsuite>
