<?xml version="1.0" encoding="UTF-8"?>
<testsuite name="com.powers.audit.OperatorAuditLedgerTest" tests="2" skipped="0" failures="0" errors="0" timestamp="2026-08-31T04:45:33.873Z" hostname="MacBook-Pro-de-James.local" time="0.003">
  <properties/>
  <testcase name="aggregationRetainsCountsOnlyInABoundedClosedKeyspace()" classname="com.powers.audit.OperatorAuditLedgerTest" time="0.003"/>
  <testcase name="clearPreventsCountsLeakingIntoTheNextServerSession()" classname="com.powers.audit.OperatorAuditLedgerTest" time="0.0"/>
  <system-out><![CDATA[]]></system-out>
  <system-err><![CDATA[]]></system-err>
</testsuite>
