<?xml version="1.0" encoding="UTF-8"?>
<testsuite name="com.powers.power.AmethystWardIndexTest" tests="3" skipped="0" failures="0" errors="0" timestamp="2026-08-31T00:50:09.171Z" hostname="MacBook-Pro-de-James.local" time="0.0">
  <properties/>
  <testcase name="removalDropsEmptyBucketsWithoutAFullIndexScan()" classname="com.powers.power.AmethystWardIndexTest" time="0.0"/>
  <testcase name="diagnosticsExposeCandidatesMissesAndStaleRemovals()" classname="com.powers.power.AmethystWardIndexTest" time="0.0"/>
  <testcase name="nearbyQueryTouchesOnlyIntersectingChunkBuckets()" classname="com.powers.power.AmethystWardIndexTest" time="0.0"/>
  <system-out><![CDATA[]]></system-out>
  <system-err><![CDATA[]]></system-err>
</testsuite>
