<?xml version="1.0" encoding="UTF-8"?>
<testsuite name="com.powers.fx.RankTenSilhouetteRendererSourceTest" tests="12" skipped="0" failures="0" errors="0" timestamp="2026-08-29T23:34:12.066Z" hostname="MacBook-Pro-de-James.local" time="0.005">
  <properties/>
  <testcase name="dimensionGenerationRejectsAbaCallbacksAndPreservesTheConnectionReplayWatermark()" classname="com.powers.fx.RankTenSilhouetteRendererSourceTest" time="0.0"/>
  <testcase name="packetHandlerCapturesOwnershipBeforeEnqueueAndUsesTheAcceptedStateBoundary()" classname="com.powers.fx.RankTenSilhouetteRendererSourceTest" time="0.0"/>
  <testcase name="testSeamRendersTheActualProductionProfileMeshAndReducedMotionIsStatic()" classname="com.powers.fx.RankTenSilhouetteRendererSourceTest" time="0.0"/>
  <testcase name="realProfilePathUsesLifecycleAndSeedButReducedMotionFreezesPhaseAndFill()" classname="com.powers.fx.RankTenSilhouetteRendererSourceTest" time="0.0"/>
  <testcase name="silhouettesHaveNoParticleFovSoundOrEntityModelDependency()" classname="com.powers.fx.RankTenSilhouetteRendererSourceTest" time="0.0"/>
  <testcase name="pureBatchSelectsNearestWithStableTiesAndHardCapsOneDraw()" classname="com.powers.fx.RankTenSilhouetteRendererSourceTest" time="0.0"/>
  <testcase name="rendererSubmitsOneNearestFirstCappedDepthTestedCameraRelativeBatch()" classname="com.powers.fx.RankTenSilhouetteRendererSourceTest" time="0.0"/>
  <testcase name="purePipelineContractMatchesTheDepthTestedDebugQuadSubmission()" classname="com.powers.fx.RankTenSilhouetteRendererSourceTest" time="0.0"/>
  <testcase name="productionMeshKeepsSegmentAndRingMinorWidthRecognisableAtNinetySixBlocks()" classname="com.powers.fx.RankTenSilhouetteRendererSourceTest" time="0.001"/>
  <testcase name="lifecycleWiringClearsConnectionAndDimensionButReloadPreservesLogicalEntries()" classname="com.powers.fx.RankTenSilhouetteRendererSourceTest" time="0.0"/>
  <testcase name="cameraRelativeExpansionKeepsThinProfileGeometryNearTheWorldBorder()" classname="com.powers.fx.RankTenSilhouetteRendererSourceTest" time="0.002"/>
  <testcase name="sameDimensionWorldReplacementAlsoAdvancesTheGeneration()" classname="com.powers.fx.RankTenSilhouetteRendererSourceTest" time="0.0"/>
  <system-out><![CDATA[]]></system-out>
  <system-err><![CDATA[]]></system-err>
</testsuite>
