<?xml version="1.0" encoding="UTF-8"?>
<testsuite name="com.powers.performance.SyntheticMultiplayerSoakTest" tests="2" skipped="0" failures="0" errors="0" timestamp="2026-08-31T02:06:52.598Z" hostname="MacBook-Pro-de-James.local" time="1.508">
  <properties/>
  <testcase name="serverBudgetsRemainBoundedAcrossAdvertisedPlayerCounts()" classname="com.powers.performance.SyntheticMultiplayerSoakTest" time="0.925"/>
  <testcase name="representativeHundredPlayerWorkloadHasAnAllocationRegressionBudget()" classname="com.powers.performance.SyntheticMultiplayerSoakTest" time="0.581"/>
  <system-out><![CDATA[]]></system-out>
  <system-err><![CDATA[]]></system-err>
</testsuite>
