<?xml version="1.0" encoding="UTF-8"?>
<testsuite name="com.powers.power.state.TimeStopJournalStoreTest" tests="3" skipped="0" failures="0" errors="0" timestamp="2026-08-31T03:12:23.776Z" hostname="MacBook-Pro-de-James.local" time="0.067">
  <properties/>
  <testcase name="atomicJournalAcknowledgesExactActiveAndClearedSnapshots()" classname="com.powers.power.state.TimeStopJournalStoreTest" time="0.029"/>
  <testcase name="malformedOrUnwritableJournalNeverReturnsAcknowledgedSuccess()" classname="com.powers.power.state.TimeStopJournalStoreTest" time="0.001"/>
  <testcase name="postRenameFailuresRestoreThePreviouslyAcknowledgedJournal()" classname="com.powers.power.state.TimeStopJournalStoreTest" time="0.036"/>
  <system-out><![CDATA[]]></system-out>
  <system-err><![CDATA[]]></system-err>
</testsuite>
