<?xml version="1.0" encoding="UTF-8"?>
<testsuite name="com.powers.magic.runtime.ActiveMagicIndexTest" tests="5" skipped="0" failures="0" errors="0" timestamp="2026-08-31T00:50:07.085Z" hostname="MacBook-Pro-de-James.local" time="0.002">
  <properties/>
  <testcase name="nearbyReturnsOnlyIntersectingLivePresences()" classname="com.powers.magic.runtime.ActiveMagicIndexTest" time="0.001"/>
  <testcase name="registrationRejectsDuplicateIdsAndUnsafeGeometry()" classname="com.powers.magic.runtime.ActiveMagicIndexTest" time="0.0"/>
  <testcase name="movingPresenceUpdatesCellsWithoutLeavingGhostMembership()" classname="com.powers.magic.runtime.ActiveMagicIndexTest" time="0.001"/>
  <testcase name="rebindMovesAndExtendsPresenceToPhysicalLifetime()" classname="com.powers.magic.runtime.ActiveMagicIndexTest" time="0.0"/>
  <testcase name="ownerAndGlobalCleanupRemovePresenceAndCellState()" classname="com.powers.magic.runtime.ActiveMagicIndexTest" time="0.0"/>
  <system-out><![CDATA[]]></system-out>
  <system-err><![CDATA[]]></system-err>
</testsuite>
