<?xml version="1.0" encoding="UTF-8"?>
<testsuite name="com.powers.fx.VisualScarReachabilityTest" tests="5" skipped="0" failures="0" errors="0" timestamp="2026-08-31T03:12:21.336Z" hostname="MacBook-Pro-de-James.local" time="0.018">
  <properties/>
  <testcase name="exactlyFiveCallersRequestAndFireGameplayRemains()" classname="com.powers.fx.VisualScarReachabilityTest" time="0.017"/>
  <testcase name="runtimeGalleryIncludesOpaqueWallOcclusionAcceptance()" classname="com.powers.fx.VisualScarReachabilityTest" time="0.0"/>
  <testcase name="noWorldRegistrationAndSemanticLifecycleIsFullyReachable()" classname="com.powers.fx.VisualScarReachabilityTest" time="0.0"/>
  <testcase name="serviceLoadsNeitherSupportNorOriginAndReadsOnlyAfterBothChecks()" classname="com.powers.fx.VisualScarReachabilityTest" time="0.001"/>
  <testcase name="directAndFaultDelayedDeliveryRecheckExactSessionImmediatelyBeforeFabricSend()" classname="com.powers.fx.VisualScarReachabilityTest" time="0.0"/>
  <system-out><![CDATA[]]></system-out>
  <system-err><![CDATA[]]></system-err>
</testsuite>
