<?xml version="1.0" encoding="UTF-8"?>
<testsuite name="com.powers.power.ConcordCastRulesTest" tests="2" skipped="0" failures="0" errors="0" timestamp="2026-08-31T03:12:23.747Z" hostname="MacBook-Pro-de-James.local" time="0.001">
  <properties/>
  <testcase name="pairCooldownAndWorkCapsAreExplicit()" classname="com.powers.power.ConcordCastRulesTest" time="0.0"/>
  <testcase name="onlyNearbyAlignedDistinctMatchingInnateCastsConcord()" classname="com.powers.power.ConcordCastRulesTest" time="0.001"/>
  <system-out><![CDATA[]]></system-out>
  <system-err><![CDATA[]]></system-err>
</testsuite>
