<?xml version="1.0" encoding="UTF-8"?>
<testsuite name="com.powers.force.ForceClashWaveTest" tests="3" skipped="0" failures="0" errors="0" timestamp="2026-08-31T03:12:20.901Z" hostname="MacBook-Pro-de-James.local" time="0.001">
  <properties/>
  <testcase name="cursorExpandsFromTheEpicentreWithoutReturningToInnerShells()" classname="com.powers.force.ForceClashWaveTest" time="0.0"/>
  <testcase name="cursorVisitsEverySphereCoordinateOnceWithinBatchLimits()" classname="com.powers.force.ForceClashWaveTest" time="0.001"/>
  <testcase name="cursorTreatsTheRadiusBoundaryAsPartOfTheWave()" classname="com.powers.force.ForceClashWaveTest" time="0.0"/>
  <system-out><![CDATA[]]></system-out>
  <system-err><![CDATA[]]></system-err>
</testsuite>
