<?xml version="1.0" encoding="UTF-8"?>
<testsuite name="com.powers.player.AdvancementPathRulesTest" tests="3" skipped="0" failures="0" errors="0" timestamp="2026-08-31T04:00:23.803Z" hostname="MacBook-Pro-de-James.local" time="0.001">
  <properties/>
  <testcase name="journalSynchronizationRunsOnlyWhenAlignmentOrVisibleDepthChanges()" classname="com.powers.player.AdvancementPathRulesTest" time="0.001"/>
  <testcase name="darknessPlayersSeeOnlyTheirShadowPath()" classname="com.powers.player.AdvancementPathRulesTest" time="0.0"/>
  <testcase name="normalPlayersSeeOnlyTheirRadiantPath()" classname="com.powers.player.AdvancementPathRulesTest" time="0.0"/>
  <system-out><![CDATA[]]></system-out>
  <system-err><![CDATA[]]></system-err>
</testsuite>
