<?xml version="1.0" encoding="UTF-8"?>
<testsuite name="com.powers.power.abilities.FlightRulesTest" tests="2" skipped="0" failures="0" errors="0" timestamp="2026-08-31T02:06:54.135Z" hostname="MacBook-Pro-de-James.local" time="0.0">
  <properties/>
  <testcase name="propulsionSupportsHoverVerticalControlAndRankedSprint()" classname="com.powers.power.abilities.FlightRulesTest" time="0.0"/>
  <testcase name="yawAndStrafeProduceNormalizedHorizontalMotion()" classname="com.powers.power.abilities.FlightRulesTest" time="0.0"/>
  <system-out><![CDATA[]]></system-out>
  <system-err><![CDATA[]]></system-err>
</testsuite>
