<?xml version="1.0" encoding="UTF-8"?>
<testsuite name="com.powers.entity.LongLivedSummonRecordTest" tests="5" skipped="0" failures="0" errors="0" timestamp="2026-08-31T03:12:20.818Z" hostname="MacBook-Pro-de-James.local" time="0.002">
  <properties/>
  <testcase name="activeRecordContainsOnlyStableAuthoritativeFacts()" classname="com.powers.entity.LongLivedSummonRecordTest" time="0.001"/>
  <testcase name="legacyZeroLifetimeCannotBecomeAnImmortalNaturalMob()" classname="com.powers.entity.LongLivedSummonRecordTest" time="0.0"/>
  <testcase name="legacyRemainingLifetimeMigratesToBoundedAbsoluteExpiry()" classname="com.powers.entity.LongLivedSummonRecordTest" time="0.0"/>
  <testcase name="ownerAndTaskMustDescribeOneConsistentAuthority()" classname="com.powers.entity.LongLivedSummonRecordTest" time="0.001"/>
  <testcase name="compactIdsRoundTripWithoutPersistingDerivedIndexes()" classname="com.powers.entity.LongLivedSummonRecordTest" time="0.0"/>
  <system-out><![CDATA[]]></system-out>
  <system-err><![CDATA[]]></system-err>
</testsuite>
