<?xml version="1.0" encoding="UTF-8"?>
<testsuite name="com.powers.BuildBaselineTest" tests="2" skipped="0" failures="0" errors="0" timestamp="2026-08-31T04:00:10.755Z" hostname="MacBook-Pro-de-James.local" time="0.043">
  <properties/>
  <testcase name="everyTrackedNonItemAssetHasAnExactAuditRow()" classname="com.powers.BuildBaselineTest" time="0.032"/>
  <testcase name="exposesTheRegisteredModNamespace()" classname="com.powers.BuildBaselineTest" time="0.004"/>
  <system-out><![CDATA[]]></system-out>
  <system-err><![CDATA[]]></system-err>
</testsuite>
