<?xml version="1.0" encoding="UTF-8"?>
<testsuite name="com.powers.hud.HudLayoutTest" tests="10" skipped="0" failures="0" errors="0" timestamp="2026-08-31T02:06:51.883Z" hostname="MacBook-Pro-de-James.local" time="0.024">
  <properties/>
  <testcase name="resetPlacementIsExactlyTheVanillaAlignedDefault()" classname="com.powers.hud.HudLayoutTest" time="0.0"/>
  <testcase name="[1] &quot;320&quot;, &quot;240&quot;" classname="com.powers.hud.HudLayoutTest" time="0.004"/>
  <testcase name="[2] &quot;427&quot;, &quot;240&quot;" classname="com.powers.hud.HudLayoutTest" time="0.0"/>
  <testcase name="[3] &quot;854&quot;, &quot;480&quot;" classname="com.powers.hud.HudLayoutTest" time="0.0"/>
  <testcase name="[4] &quot;1920&quot;, &quot;1080&quot;" classname="com.powers.hud.HudLayoutTest" time="0.0"/>
  <testcase name="airAndVehicleRowsMoveEnergyUpWithoutChangingHungerAlignment()" classname="com.powers.hud.HudLayoutTest" time="0.001"/>
  <testcase name="configurableAnchorsAndMarginsClampInsideTheScreen()" classname="com.powers.hud.HudLayoutTest" time="0.0"/>
  <testcase name="tenSymbolCoordinatesExactlyMatchTheVanillaHungerStride()" classname="com.powers.hud.HudLayoutTest" time="0.0"/>
  <testcase name="verticalPowerRailDoesNotCoverTheHotbarOnNormalScaledWindows()" classname="com.powers.hud.HudLayoutTest" time="0.0"/>
  <testcase name="energyUsesTenVanillaScaleSymbolsAlignedAboveHunger()" classname="com.powers.hud.HudLayoutTest" time="0.0"/>
  <system-out><![CDATA[]]></system-out>
  <system-err><![CDATA[]]></system-err>
</testsuite>
