<?xml version="1.0" encoding="UTF-8"?>
<testsuite name="com.powers.client.visual.VfxCoverageContractTest" tests="3" skipped="0" failures="0" errors="0" timestamp="2026-08-31T02:06:50.834Z" hostname="MacBook-Pro-de-James.local" time="0.003">
  <properties/>
  <testcase name="historicalGoldenManifestClaimsOnlyItsHudPixelContract()" classname="com.powers.client.visual.VfxCoverageContractTest" time="0.001"/>
  <testcase name="hudGalleryRequiresAuthoritativeStateReadinessBetweenMotionHalves()" classname="com.powers.client.visual.VfxCoverageContractTest" time="0.001"/>
  <testcase name="finalMatrixDescribesStructuralEvidenceWithoutTheStale160Count()" classname="com.powers.client.visual.VfxCoverageContractTest" time="0.001"/>
  <system-out><![CDATA[]]></system-out>
  <system-err><![CDATA[]]></system-err>
</testsuite>
