<?xml version="1.0" encoding="UTF-8"?>
<testsuite name="com.powers.visual.LightRealmSkyGeometryTest" tests="4" skipped="0" failures="0" errors="0" timestamp="2026-08-29T23:34:48.704Z" hostname="MacBook-Pro-de-James.local" time="0.002">
  <properties/>
  <testcase name="geometryHasHardImmutableCpuAndDrawBounds()" classname="com.powers.visual.LightRealmSkyGeometryTest" time="0.001"/>
  <testcase name="everyTriangleFanFacesDownTowardThePlayer()" classname="com.powers.visual.LightRealmSkyGeometryTest" time="0.0"/>
  <testcase name="haloIsAnAnnulusAndCrownHasAuthoredAngularGaps()" classname="com.powers.visual.LightRealmSkyGeometryTest" time="0.001"/>
  <testcase name="compassAndVeilUseSeparatedRadialArmsWithoutFilledCentres()" classname="com.powers.visual.LightRealmSkyGeometryTest" time="0.0"/>
  <system-out><![CDATA[]]></system-out>
  <system-err><![CDATA[]]></system-err>
</testsuite>
