<?xml version="1.0" encoding="UTF-8"?>
<testsuite name="com.powers.mind.PersistentDimensionDiagnosticsTest" tests="2" skipped="0" failures="0" errors="0" timestamp="2026-08-31T04:00:22.044Z" hostname="MacBook-Pro-de-James.local" time="0.001">
  <properties/>
  <testcase name="invalidInputCannotPolluteOperatorOutput()" classname="com.powers.mind.PersistentDimensionDiagnosticsTest" time="0.0"/>
  <testcase name="coalescesRepeatedFailuresAndBoundsDistinctKeys()" classname="com.powers.mind.PersistentDimensionDiagnosticsTest" time="0.001"/>
  <system-out><![CDATA[]]></system-out>
  <system-err><![CDATA[]]></system-err>
</testsuite>
