<?xml version="1.0" encoding="UTF-8"?>
<testsuite name="com.powers.magic.MagicActionCatalogueTest" tests="5" skipped="0" failures="0" errors="0" timestamp="2026-08-31T04:00:21.850Z" hostname="MacBook-Pro-de-James.local" time="0.003">
  <properties/>
  <testcase name="everyActionDeclaresItsPresentationSignificanceExplicitly()" classname="com.powers.magic.MagicActionCatalogueTest" time="0.001"/>
  <testcase name="defaultsContainEverySupportedActionExactlyOnce()" classname="com.powers.magic.MagicActionCatalogueTest" time="0.0"/>
  <testcase name="catalogueUsesStableIdsForEveryExistingRegistry()" classname="com.powers.magic.MagicActionCatalogueTest" time="0.001"/>
  <testcase name="everyRegisteredActionDeclaresAnEntityTargetContract()" classname="com.powers.magic.MagicActionCatalogueTest" time="0.0"/>
  <testcase name="definitionsRejectIncompleteOrUnsafeValues()" classname="com.powers.magic.MagicActionCatalogueTest" time="0.001"/>
  <system-out><![CDATA[]]></system-out>
  <system-err><![CDATA[]]></system-err>
</testsuite>
