<?xml version="1.0" encoding="UTF-8"?>
<testsuite name="com.powers.magic.runtime.CastScalingContextTest" tests="3" skipped="0" failures="0" errors="0" timestamp="2026-08-31T05:01:55.054Z" hostname="MacBook-Pro-de-James.local" time="0.001">
  <properties/>
  <testcase name="bindingIsNestedAndAlwaysRestored()" classname="com.powers.magic.runtime.CastScalingContextTest" time="0.0"/>
  <testcase name="artifactSourceSurvivesNestedInteractionAdjustmentAndRestores()" classname="com.powers.magic.runtime.CastScalingContextTest" time="0.0"/>
  <testcase name="onlyInnateCastSourcesCanApplyAnOptedInAbilityRank()" classname="com.powers.magic.runtime.CastScalingContextTest" time="0.0"/>
  <system-out><![CDATA[]]></system-out>
  <system-err><![CDATA[]]></system-err>
</testsuite>
