<?xml version="1.0" encoding="UTF-8"?>
<testsuite name="com.powers.fx.VisualScarServiceAdmissionTest" tests="3" skipped="0" failures="0" errors="0" timestamp="2026-08-31T04:00:21.553Z" hostname="MacBook-Pro-de-James.local" time="0.001">
  <properties/>
  <testcase name="requestEdgeQueuesIdentityWithoutInspectingWorldOrProtection()" classname="com.powers.fx.VisualScarServiceAdmissionTest" time="0.001"/>
  <testcase name="hardCappedSelectionDispatchesAtMost64FreshInspections()" classname="com.powers.fx.VisualScarServiceAdmissionTest" time="0.0"/>
  <testcase name="selectedInspectionReadsFreshFactsOnlyAfterBothLoadedChecksAndBeforeActivation()" classname="com.powers.fx.VisualScarServiceAdmissionTest" time="0.0"/>
  <system-out><![CDATA[]]></system-out>
  <system-err><![CDATA[]]></system-err>
</testsuite>
