<?xml version="1.0" encoding="UTF-8"?>
<testsuite name="com.powers.item.ArtifactEnergyModifiersTest" tests="3" skipped="0" failures="0" errors="0" timestamp="2026-08-31T04:45:41.754Z" hostname="MacBook-Pro-de-James.local" time="0.0">
  <properties/>
  <testcase name="malignemberOnlyDiscountsExplicitlyDestructiveMagic()" classname="com.powers.item.ArtifactEnergyModifiersTest" time="0.0"/>
  <testcase name="quoteExposesRegistryEligibleActionAndExactEnergySaved()" classname="com.powers.item.ArtifactEnergyModifiersTest" time="0.0"/>
  <testcase name="discountsNeverMakeAnAuthoredCostFree()" classname="com.powers.item.ArtifactEnergyModifiersTest" time="0.0"/>
  <system-out><![CDATA[]]></system-out>
  <system-err><![CDATA[]]></system-err>
</testsuite>
