<?xml version="1.0" encoding="UTF-8"?>
<testsuite name="com.powers.quality.LauncherContractTest" tests="5" skipped="0" failures="0" errors="0" timestamp="2026-08-31T02:06:54.530Z" hostname="MacBook-Pro-de-James.local" time="0.06">
  <properties/>
  <testcase name="dedicatedServerTaskSeedsItsOwnRuntimeFiles()" classname="com.powers.quality.LauncherContractTest" time="0.0"/>
  <testcase name="explicitJavaHomeWorksFromOutsideTheRepository()" classname="com.powers.quality.LauncherContractTest" time="0.059"/>
  <testcase name="compatibilityGameTestOwnsVerifiedIsolatedRuntime()" classname="com.powers.quality.LauncherContractTest" time="0.0"/>
  <testcase name="launcherExposesEverySupportedVerificationMode()" classname="com.powers.quality.LauncherContractTest" time="0.001"/>
  <testcase name="gameTestTaskSeedsItsOwnRuntimeFiles()" classname="com.powers.quality.LauncherContractTest" time="0.0"/>
  <system-out><![CDATA[]]></system-out>
  <system-err><![CDATA[]]></system-err>
</testsuite>
