<?xml version="1.0" encoding="UTF-8"?>
<testsuite name="com.powers.spell.SpellFieldTimingTest" tests="2" skipped="0" failures="0" errors="0" timestamp="2026-08-31T04:01:02.282Z" hostname="MacBook-Pro-de-James.local" time="0.001">
  <properties/>
  <testcase name="allVanillaFreezesPauseWorldOwnedFields()" classname="com.powers.spell.SpellFieldTimingTest" time="0.001"/>
  <testcase name="pulsesUseTheWorldClockOnly()" classname="com.powers.spell.SpellFieldTimingTest" time="0.0"/>
  <system-out><![CDATA[]]></system-out>
  <system-err><![CDATA[]]></system-err>
</testsuite>
