<?xml version="1.0" encoding="UTF-8"?>
<testsuite name="com.powers.client.audio.ClientAudioComfortConfigTest" tests="2" skipped="0" failures="0" errors="0" timestamp="2026-08-31T02:06:44.155Z" hostname="MacBook-Pro-de-James.local" time="0.003">
  <properties/>
  <testcase name="onlyAnExplicitBooleanEnablesReducedTinnitus()" classname="com.powers.client.audio.ClientAudioComfortConfigTest" time="0.001"/>
  <testcase name="absentMalformedAndOversizedFilesDefaultToOrdinaryAudio()" classname="com.powers.client.audio.ClientAudioComfortConfigTest" time="0.002"/>
  <system-out><![CDATA[[04:06:44] [Test worker/WARN]: Could not load client audio comfort preference; using ordinary audio: java.io.EOFException: End of input at line 1 column 10 path $.not-json
]]></system-out>
  <system-err><![CDATA[]]></system-err>
</testsuite>
