<?xml version="1.0" encoding="UTF-8"?>
<testsuite name="com.powers.power.artifact.ArtifactChainRulesTest" tests="1" skipped="0" failures="0" errors="0" timestamp="2026-08-29T23:34:14.762Z" hostname="MacBook-Pro-de-James.local" time="0.0">
  <properties/>
  <testcase name="chainRequiresLiveSameRealmVisibleUnsuppressedTargetsInsideRange()" classname="com.powers.power.artifact.ArtifactChainRulesTest" time="0.0"/>
  <system-out><![CDATA[]]></system-out>
  <system-err><![CDATA[]]></system-err>
</testsuite>
