<?xml version="1.0" encoding="UTF-8"?>
<testsuite name="com.powers.power.abilities.GravityDisplacementRulesTest" tests="9" skipped="0" failures="0" errors="0" timestamp="2026-08-29T23:34:14.749Z" hostname="MacBook-Pro-de-James.local" time="0.001">
  <properties/>
  <testcase name="rankVariantsIncreaseButBoundRuntimeWork()" classname="com.powers.power.abilities.GravityDisplacementRulesTest" time="0.0"/>
  <testcase name="fieldRequiresLiveUnsuppressedOwnerBeforeExclusiveExpiry()" classname="com.powers.power.abilities.GravityDisplacementRulesTest" time="0.001"/>
  <testcase name="nearestOrreryWinsSharedTargetOnlyBeyondHysteresis()" classname="com.powers.power.abilities.GravityDisplacementRulesTest" time="0.0"/>
  <testcase name="seededOrbitIsDeterministicAndBounded()" classname="com.powers.power.abilities.GravityDisplacementRulesTest" time="0.0"/>
  <testcase name="ancientProjectileCurvePreservesFiniteBoundedMotion()" classname="com.powers.power.abilities.GravityDisplacementRulesTest" time="0.0"/>
  <testcase name="captureCounterplayHasStablePrivacyFirstPriority()" classname="com.powers.power.abilities.GravityDisplacementRulesTest" time="0.0"/>
  <testcase name="authoredModesHaveStableSnapshotNames()" classname="com.powers.power.abilities.GravityDisplacementRulesTest" time="0.0"/>
  <testcase name="steeringBlendsMomentumAndCapsSpeed()" classname="com.powers.power.abilities.GravityDisplacementRulesTest" time="0.0"/>
  <testcase name="collapseImpulseIsRadialAndVerticallyBounded()" classname="com.powers.power.abilities.GravityDisplacementRulesTest" time="0.0"/>
  <system-out><![CDATA[]]></system-out>
  <system-err><![CDATA[]]></system-err>
</testsuite>
