<?xml version="1.0" encoding="UTF-8"?>
<testsuite name="com.powers.testing.network.PacketFaultEngineTest" tests="16" skipped="0" failures="0" errors="0" timestamp="2026-08-29T23:34:48.587Z" hostname="MacBook-Pro-de-James.local" time="0.085">
  <properties/>
  <testcase name="latestWinsIsScopedToTheLogicalStateOwner()" classname="com.powers.testing.network.PacketFaultEngineTest" time="0.002"/>
  <testcase name="seededLossHasAnExactRepeatableCount()" classname="com.powers.testing.network.PacketFaultEngineTest" time="0.03"/>
  <testcase name="boundedQueueFailsClosedAndExpiresOldWork()" classname="com.powers.testing.network.PacketFaultEngineTest" time="0.0"/>
  <testcase name="duplicatedDiscreteCastRunsOnceWhileDistinctCastsArePreserved()" classname="com.powers.testing.network.PacketFaultEngineTest" time="0.001"/>
  <testcase name="seededDecisionsAreRepeatableButIndependentAcrossLogicalStreams()" classname="com.powers.testing.network.PacketFaultEngineTest" time="0.001"/>
  <testcase name="disabledProfileExecutesInlineWithoutCreatingFaultWork()" classname="com.powers.testing.network.PacketFaultEngineTest" time="0.0"/>
  <testcase name="familyAndDirectionFiltersBypassWithoutFaultAccounting()" classname="com.powers.testing.network.PacketFaultEngineTest" time="0.0"/>
  <testcase name="idleLogicalStreamMetadataIsReleasedAfterDelivery()" classname="com.powers.testing.network.PacketFaultEngineTest" time="0.026"/>
  <testcase name="lifecycleCancellationInvokesFailClosedCallbacksAndAccountsThem()" classname="com.powers.testing.network.PacketFaultEngineTest" time="0.0"/>
  <testcase name="acceptanceMatrixIsDeterministicAndHasNoDuplicateAuthorityEffects()" classname="com.powers.testing.network.PacketFaultEngineTest" time="0.005"/>
  <testcase name="perConnectionWorkAllowanceMakesFairProgress()" classname="com.powers.testing.network.PacketFaultEngineTest" time="0.001"/>
  <testcase name="duplicateCopyOverflowNeverInvalidatesTheQueuedOriginal()" classname="com.powers.testing.network.PacketFaultEngineTest" time="0.0"/>
  <testcase name="duplicateAndReorderCannotApplyAnOlderStatefulRequest()" classname="com.powers.testing.network.PacketFaultEngineTest" time="0.0"/>
  <testcase name="disconnectAndServerStopClearQueuedPayloadsAndCounters()" classname="com.powers.testing.network.PacketFaultEngineTest" time="0.0"/>
  <testcase name="delayUsesGameTicksAndNeverWallClockTime()" classname="com.powers.testing.network.PacketFaultEngineTest" time="0.0"/>
  <testcase name="globalQueueAndTickWorkRemainHardBounded()" classname="com.powers.testing.network.PacketFaultEngineTest" time="0.019"/>
  <system-out><![CDATA[[01:34:48] [Test worker/INFO]: [STDOUT]: QA009_MATRIX delay150 seed=630793 offered=1000 dropped=0 duplicated=0 delayed=1000 reordered=0 delivered=1000 expired=0 overflowed=0 stale=0 cancelled=0 maxQueue=4 maxAge=3
[01:34:48] [Test worker/INFO]: [STDOUT]: QA009_MATRIX delay300 seed=630793 offered=1000 dropped=0 duplicated=0 delayed=1000 reordered=0 delivered=1000 expired=0 overflowed=0 stale=0 cancelled=0 maxQueue=7 maxAge=6
[01:34:48] [Test worker/INFO]: [STDOUT]: QA009_MATRIX loss1 seed=630793 offered=1000 dropped=4 duplicated=0 delayed=0 reordered=0 delivered=996 expired=0 overflowed=0 stale=0 cancelled=0 maxQueue=1 maxAge=0
[01:34:48] [Test worker/INFO]: [STDOUT]: QA009_MATRIX loss5 seed=630793 offered=1000 dropped=41 duplicated=0 delayed=0 reordered=0 delivered=959 expired=0 overflowed=0 stale=0 cancelled=0 maxQueue=1 maxAge=0
[01:34:48] [Test worker/INFO]: [STDOUT]: QA009_MATRIX duplicate seed=630793 offered=1000 dropped=0 duplicated=1000 delayed=0 reordered=0 delivered=1000 expired=0 overflowed=0 stale=1000 cancelled=0 maxQueue=2 maxAge=0
[01:34:48] [Test worker/INFO]: [STDOUT]: QA009_MATRIX reorder seed=630793 offered=1000 dropped=0 duplicated=0 delayed=667 reordered=666 delivered=334 expired=0 overflowed=0 stale=666 cancelled=0 maxQueue=3 maxAge=2
]]></system-out>
  <system-err><![CDATA[]]></system-err>
</testsuite>
