<?xml version="1.0" encoding="UTF-8"?>
<testsuite name="com.powers.animation.CastingPoseServiceTest" tests="5" skipped="0" failures="0" errors="0" timestamp="2026-08-31T02:06:43.877Z" hostname="MacBook-Pro-de-James.local" time="0.048">
  <properties/>
  <testcase name="duplicateStartInSameTickDoesNotSendSecondPacket()" classname="com.powers.animation.CastingPoseServiceTest" time="0.036"/>
  <testcase name="finalDelayedGuardRejectsObserverThatStoppedTracking()" classname="com.powers.animation.CastingPoseServiceTest" time="0.0"/>
  <testcase name="ineligibleRuntimeCannotCreateOrDeliverPose()" classname="com.powers.animation.CastingPoseServiceTest" time="0.008"/>
  <testcase name="exactProductionScopeExcludesCloneAndTestActor()" classname="com.powers.animation.CastingPoseServiceTest" time="0.003"/>
  <testcase name="deliveryUsesOnlyTrackingCompatibleObservers()" classname="com.powers.animation.CastingPoseServiceTest" time="0.0"/>
  <system-out><![CDATA[]]></system-out>
  <system-err><![CDATA[]]></system-err>
</testsuite>
