<?xml version="1.0" encoding="UTF-8"?>
<testsuite name="com.powers.item.RainbowCrystalVisualRulesTest" tests="1" skipped="0" failures="0" errors="0" timestamp="2026-08-31T04:45:41.774Z" hostname="MacBook-Pro-de-James.local" time="0.0">
  <properties/>
  <testcase name="onlyARainbowCrystalRenderedForADarkHolderUsesTheCorruptedModel()" classname="com.powers.item.RainbowCrystalVisualRulesTest" time="0.0"/>
  <system-out><![CDATA[]]></system-out>
  <system-err><![CDATA[]]></system-err>
</testsuite>
