<?xml version="1.0" encoding="UTF-8"?>
<testsuite name="com.powers.mind.FatalResolutionGateTest" tests="500" skipped="0" failures="0" errors="0" timestamp="2026-08-29T23:34:12.832Z" hostname="MacBook-Pro-de-James.local" time="0.079">
  <properties/>
  <testcase name="repetition 1 of 500" classname="com.powers.mind.FatalResolutionGateTest" time="0.001"/>
  <testcase name="repetition 2 of 500" classname="com.powers.mind.FatalResolutionGateTest" time="0.001"/>
  <testcase name="repetition 3 of 500" classname="com.powers.mind.FatalResolutionGateTest" time="0.0"/>
  <testcase name="repetition 4 of 500" classname="com.powers.mind.FatalResolutionGateTest" time="0.0"/>
  <testcase name="repetition 5 of 500" classname="com.powers.mind.FatalResolutionGateTest" time="0.0"/>
  <testcase name="repetition 6 of 500" classname="com.powers.mind.FatalResolutionGateTest" time="0.0"/>
  <testcase name="repetition 7 of 500" classname="com.powers.mind.FatalResolutionGateTest" time="0.0"/>
  <testcase name="repetition 8 of 500" classname="com.powers.mind.FatalResolutionGateTest" time="0.0"/>
  <testcase name="repetition 9 of 500" classname="com.powers.mind.FatalResolutionGateTest" time="0.0"/>
  <testcase name="repetition 10 of 500" classname="com.powers.mind.FatalResolutionGateTest" time="0.0"/>
  <testcase name="repetition 11 of 500" classname="com.powers.mind.FatalResolutionGateTest" time="0.0"/>
  <testcase name="repetition 12 of 500" classname="com.powers.mind.FatalResolutionGateTest" time="0.0"/>
  <testcase name="repetition 13 of 500" classname="com.powers.mind.FatalResolutionGateTest" time="0.0"/>
  <testcase name="repetition 14 of 500" classname="com.powers.mind.FatalResolutionGateTest" time="0.0"/>
  <testcase name="repetition 15 of 500" classname="com.powers.mind.FatalResolutionGateTest" time="0.0"/>
  <testcase name="repetition 16 of 500" classname="com.powers.mind.FatalResolutionGateTest" time="0.0"/>
  <testcase name="repetition 17 of 500" classname="com.powers.mind.FatalResolutionGateTest" time="0.0"/>
  <testcase name="repetition 18 of 500" classname="com.powers.mind.FatalResolutionGateTest" time="0.0"/>
  <testcase name="repetition 19 of 500" classname="com.powers.mind.FatalResolutionGateTest" time="0.0"/>
  <testcase name="repetition 20 of 500" classname="com.powers.mind.FatalResolutionGateTest" time="0.0"/>
  <testcase name="repetition 21 of 500" classname="com.powers.mind.FatalResolutionGateTest" time="0.0"/>
  <testcase name="repetition 22 of 500" classname="com.powers.mind.FatalResolutionGateTest" time="0.001"/>
  <testcase name="repetition 23 of 500" classname="com.powers.mind.FatalResolutionGateTest" time="0.0"/>
  <testcase name="repetition 24 of 500" classname="com.powers.mind.FatalResolutionGateTest" time="0.0"/>
  <testcase name="repetition 25 of 500" classname="com.powers.mind.FatalResolutionGateTest" time="0.0"/>
  <testcase name="repetition 26 of 500" classname="com.powers.mind.FatalResolutionGateTest" time="0.0"/>
  <testcase name="repetition 27 of 500" classname="com.powers.mind.FatalResolutionGateTest" time="0.0"/>
  <testcase name="repetition 28 of 500" classname="com.powers.mind.FatalResolutionGateTest" time="0.001"/>
  <testcase name="repetition 29 of 500" classname="com.powers.mind.FatalResolutionGateTest" time="0.0"/>
  <testcase name="repetition 30 of 500" classname="com.powers.mind.FatalResolutionGateTest" time="0.0"/>
  <testcase name="repetition 31 of 500" classname="com.powers.mind.FatalResolutionGateTest" time="0.0"/>
  <testcase name="repetition 32 of 500" classname="com.powers.mind.FatalResolutionGateTest" time="0.0"/>
  <testcase name="repetition 33 of 500" classname="com.powers.mind.FatalResolutionGateTest" time="0.0"/>
  <testcase name="repetition 34 of 500" classname="com.powers.mind.FatalResolutionGateTest" time="0.001"/>
  <testcase name="repetition 35 of 500" classname="com.powers.mind.FatalResolutionGateTest" time="0.0"/>
  <testcase name="repetition 36 of 500" classname="com.powers.mind.FatalResolutionGateTest" time="0.0"/>
  <testcase name="repetition 37 of 500" classname="com.powers.mind.FatalResolutionGateTest" time="0.0"/>
  <testcase name="repetition 38 of 500" classname="com.powers.mind.FatalResolutionGateTest" time="0.0"/>
  <testcase name="repetition 39 of 500" classname="com.powers.mind.FatalResolutionGateTest" time="0.0"/>
  <testcase name="repetition 40 of 500" classname="com.powers.mind.FatalResolutionGateTest" time="0.001"/>
  <testcase name="repetition 41 of 500" classname="com.powers.mind.FatalResolutionGateTest" time="0.0"/>
  <testcase name="repetition 42 of 500" classname="com.powers.mind.FatalResolutionGateTest" time="0.0"/>
  <testcase name="repetition 43 of 500" classname="com.powers.mind.FatalResolutionGateTest" time="0.0"/>
  <testcase name="repetition 44 of 500" classname="com.powers.mind.FatalResolutionGateTest" time="0.0"/>
  <testcase name="repetition 45 of 500" classname="com.powers.mind.FatalResolutionGateTest" time="0.0"/>
  <testcase name="repetition 46 of 500" classname="com.powers.mind.FatalResolutionGateTest" time="0.001"/>
  <testcase name="repetition 47 of 500" classname="com.powers.mind.FatalResolutionGateTest" time="0.0"/>
  <testcase name="repetition 48 of 500" classname="com.powers.mind.FatalResolutionGateTest" time="0.0"/>
  <testcase name="repetition 49 of 500" classname="com.powers.mind.FatalResolutionGateTest" time="0.0"/>
  <testcase name="repetition 50 of 500" classname="com.powers.mind.FatalResolutionGateTest" time="0.0"/>
  <testcase name="repetition 51 of 500" classname="com.powers.mind.FatalResolutionGateTest" time="0.0"/>
  <testcase name="repetition 52 of 500" classname="com.powers.mind.FatalResolutionGateTest" time="0.0"/>
  <testcase name="repetition 53 of 500" classname="com.powers.mind.FatalResolutionGateTest" time="0.0"/>
  <testcase name="repetition 54 of 500" classname="com.powers.mind.FatalResolutionGateTest" time="0.0"/>
  <testcase name="repetition 55 of 500" classname="com.powers.mind.FatalResolutionGateTest" time="0.0"/>
  <testcase name="repetition 56 of 500" classname="com.powers.mind.FatalResolutionGateTest" time="0.0"/>
  <testcase name="repetition 57 of 500" classname="com.powers.mind.FatalResolutionGateTest" time="0.001"/>
  <testcase name="repetition 58 of 500" classname="com.powers.mind.FatalResolutionGateTest" time="0.0"/>
  <testcase name="repetition 59 of 500" classname="com.powers.mind.FatalResolutionGateTest" time="0.0"/>
  <testcase name="repetition 60 of 500" classname="com.powers.mind.FatalResolutionGateTest" time="0.0"/>
  <testcase name="repetition 61 of 500" classname="com.powers.mind.FatalResolutionGateTest" time="0.0"/>
  <testcase name="repetition 62 of 500" classname="com.powers.mind.FatalResolutionGateTest" time="0.0"/>
  <testcase name="repetition 63 of 500" classname="com.powers.mind.FatalResolutionGateTest" time="0.001"/>
  <testcase name="repetition 64 of 500" classname="com.powers.mind.FatalResolutionGateTest" time="0.0"/>
  <testcase name="repetition 65 of 500" classname="com.powers.mind.FatalResolutionGateTest" time="0.0"/>
  <testcase name="repetition 66 of 500" classname="com.powers.mind.FatalResolutionGateTest" time="0.0"/>
  <testcase name="repetition 67 of 500" classname="com.powers.mind.FatalResolutionGateTest" time="0.0"/>
  <testcase name="repetition 68 of 500" classname="com.powers.mind.FatalResolutionGateTest" time="0.0"/>
  <testcase name="repetition 69 of 500" classname="com.powers.mind.FatalResolutionGateTest" time="0.001"/>
  <testcase name="repetition 70 of 500" classname="com.powers.mind.FatalResolutionGateTest" time="0.0"/>
  <testcase name="repetition 71 of 500" classname="com.powers.mind.FatalResolutionGateTest" time="0.0"/>
  <testcase name="repetition 72 of 500" classname="com.powers.mind.FatalResolutionGateTest" time="0.0"/>
  <testcase name="repetition 73 of 500" classname="com.powers.mind.FatalResolutionGateTest" time="0.0"/>
  <testcase name="repetition 74 of 500" classname="com.powers.mind.FatalResolutionGateTest" time="0.0"/>
  <testcase name="repetition 75 of 500" classname="com.powers.mind.FatalResolutionGateTest" time="0.001"/>
  <testcase name="repetition 76 of 500" classname="com.powers.mind.FatalResolutionGateTest" time="0.0"/>
  <testcase name="repetition 77 of 500" classname="com.powers.mind.FatalResolutionGateTest" time="0.0"/>
  <testcase name="repetition 78 of 500" classname="com.powers.mind.FatalResolutionGateTest" time="0.0"/>
  <testcase name="repetition 79 of 500" classname="com.powers.mind.FatalResolutionGateTest" time="0.0"/>
  <testcase name="repetition 80 of 500" classname="com.powers.mind.FatalResolutionGateTest" time="0.0"/>
  <testcase name="repetition 81 of 500" classname="com.powers.mind.FatalResolutionGateTest" time="0.001"/>
  <testcase name="repetition 82 of 500" classname="com.powers.mind.FatalResolutionGateTest" time="0.0"/>
  <testcase name="repetition 83 of 500" classname="com.powers.mind.FatalResolutionGateTest" time="0.0"/>
  <testcase name="repetition 84 of 500" classname="com.powers.mind.FatalResolutionGateTest" time="0.0"/>
  <testcase name="repetition 85 of 500" classname="com.powers.mind.FatalResolutionGateTest" time="0.0"/>
  <testcase name="repetition 86 of 500" classname="com.powers.mind.FatalResolutionGateTest" time="0.0"/>
  <testcase name="repetition 87 of 500" classname="com.powers.mind.FatalResolutionGateTest" time="0.0"/>
  <testcase name="repetition 88 of 500" classname="com.powers.mind.FatalResolutionGateTest" time="0.0"/>
  <testcase name="repetition 89 of 500" classname="com.powers.mind.FatalResolutionGateTest" time="0.0"/>
  <testcase name="repetition 90 of 500" classname="com.powers.mind.FatalResolutionGateTest" time="0.0"/>
  <testcase name="repetition 91 of 500" classname="com.powers.mind.FatalResolutionGateTest" time="0.0"/>
  <testcase name="repetition 92 of 500" classname="com.powers.mind.FatalResolutionGateTest" time="0.0"/>
  <testcase name="repetition 93 of 500" classname="com.powers.mind.FatalResolutionGateTest" time="0.0"/>
  <testcase name="repetition 94 of 500" classname="com.powers.mind.FatalResolutionGateTest" time="0.001"/>
  <testcase name="repetition 95 of 500" classname="com.powers.mind.FatalResolutionGateTest" time="0.0"/>
  <testcase name="repetition 96 of 500" classname="com.powers.mind.FatalResolutionGateTest" time="0.0"/>
  <testcase name="repetition 97 of 500" classname="com.powers.mind.FatalResolutionGateTest" time="0.0"/>
  <testcase name="repetition 98 of 500" classname="com.powers.mind.FatalResolutionGateTest" time="0.0"/>
  <testcase name="repetition 99 of 500" classname="com.powers.mind.FatalResolutionGateTest" time="0.0"/>
  <testcase name="repetition 100 of 500" classname="com.powers.mind.FatalResolutionGateTest" time="0.0"/>
  <testcase name="repetition 101 of 500" classname="com.powers.mind.FatalResolutionGateTest" time="0.0"/>
  <testcase name="repetition 102 of 500" classname="com.powers.mind.FatalResolutionGateTest" time="0.0"/>
  <testcase name="repetition 103 of 500" classname="com.powers.mind.FatalResolutionGateTest" time="0.0"/>
  <testcase name="repetition 104 of 500" classname="com.powers.mind.FatalResolutionGateTest" time="0.0"/>
  <testcase name="repetition 105 of 500" classname="com.powers.mind.FatalResolutionGateTest" time="0.0"/>
  <testcase name="repetition 106 of 500" classname="com.powers.mind.FatalResolutionGateTest" time="0.0"/>
  <testcase name="repetition 107 of 500" classname="com.powers.mind.FatalResolutionGateTest" time="0.001"/>
  <testcase name="repetition 108 of 500" classname="com.powers.mind.FatalResolutionGateTest" time="0.0"/>
  <testcase name="repetition 109 of 500" classname="com.powers.mind.FatalResolutionGateTest" time="0.0"/>
  <testcase name="repetition 110 of 500" classname="com.powers.mind.FatalResolutionGateTest" time="0.0"/>
  <testcase name="repetition 111 of 500" classname="com.powers.mind.FatalResolutionGateTest" time="0.0"/>
  <testcase name="repetition 112 of 500" classname="com.powers.mind.FatalResolutionGateTest" time="0.0"/>
  <testcase name="repetition 113 of 500" classname="com.powers.mind.FatalResolutionGateTest" time="0.001"/>
  <testcase name="repetition 114 of 500" classname="com.powers.mind.FatalResolutionGateTest" time="0.0"/>
  <testcase name="repetition 115 of 500" classname="com.powers.mind.FatalResolutionGateTest" time="0.0"/>
  <testcase name="repetition 116 of 500" classname="com.powers.mind.FatalResolutionGateTest" time="0.0"/>
  <testcase name="repetition 117 of 500" classname="com.powers.mind.FatalResolutionGateTest" time="0.0"/>
  <testcase name="repetition 118 of 500" classname="com.powers.mind.FatalResolutionGateTest" time="0.0"/>
  <testcase name="repetition 119 of 500" classname="com.powers.mind.FatalResolutionGateTest" time="0.001"/>
  <testcase name="repetition 120 of 500" classname="com.powers.mind.FatalResolutionGateTest" time="0.0"/>
  <testcase name="repetition 121 of 500" classname="com.powers.mind.FatalResolutionGateTest" time="0.0"/>
  <testcase name="repetition 122 of 500" classname="com.powers.mind.FatalResolutionGateTest" time="0.0"/>
  <testcase name="repetition 123 of 500" classname="com.powers.mind.FatalResolutionGateTest" time="0.0"/>
  <testcase name="repetition 124 of 500" classname="com.powers.mind.FatalResolutionGateTest" time="0.0"/>
  <testcase name="repetition 125 of 500" classname="com.powers.mind.FatalResolutionGateTest" time="0.0"/>
  <testcase name="repetition 126 of 500" classname="com.powers.mind.FatalResolutionGateTest" time="0.001"/>
  <testcase name="repetition 127 of 500" classname="com.powers.mind.FatalResolutionGateTest" time="0.0"/>
  <testcase name="repetition 128 of 500" classname="com.powers.mind.FatalResolutionGateTest" time="0.0"/>
  <testcase name="repetition 129 of 500" classname="com.powers.mind.FatalResolutionGateTest" time="0.0"/>
  <testcase name="repetition 130 of 500" classname="com.powers.mind.FatalResolutionGateTest" time="0.0"/>
  <testcase name="repetition 131 of 500" classname="com.powers.mind.FatalResolutionGateTest" time="0.0"/>
  <testcase name="repetition 132 of 500" classname="com.powers.mind.FatalResolutionGateTest" time="0.0"/>
  <testcase name="repetition 133 of 500" classname="com.powers.mind.FatalResolutionGateTest" time="0.0"/>
  <testcase name="repetition 134 of 500" classname="com.powers.mind.FatalResolutionGateTest" time="0.0"/>
  <testcase name="repetition 135 of 500" classname="com.powers.mind.FatalResolutionGateTest" time="0.0"/>
  <testcase name="repetition 136 of 500" classname="com.powers.mind.FatalResolutionGateTest" time="0.001"/>
  <testcase name="repetition 137 of 500" classname="com.powers.mind.FatalResolutionGateTest" time="0.0"/>
  <testcase name="repetition 138 of 500" classname="com.powers.mind.FatalResolutionGateTest" time="0.0"/>
  <testcase name="repetition 139 of 500" classname="com.powers.mind.FatalResolutionGateTest" time="0.0"/>
  <testcase name="repetition 140 of 500" classname="com.powers.mind.FatalResolutionGateTest" time="0.0"/>
  <testcase name="repetition 141 of 500" classname="com.powers.mind.FatalResolutionGateTest" time="0.0"/>
  <testcase name="repetition 142 of 500" classname="com.powers.mind.FatalResolutionGateTest" time="0.0"/>
  <testcase name="repetition 143 of 500" classname="com.powers.mind.FatalResolutionGateTest" time="0.001"/>
  <testcase name="repetition 144 of 500" classname="com.powers.mind.FatalResolutionGateTest" time="0.0"/>
  <testcase name="repetition 145 of 500" classname="com.powers.mind.FatalResolutionGateTest" time="0.0"/>
  <testcase name="repetition 146 of 500" classname="com.powers.mind.FatalResolutionGateTest" time="0.0"/>
  <testcase name="repetition 147 of 500" classname="com.powers.mind.FatalResolutionGateTest" time="0.0"/>
  <testcase name="repetition 148 of 500" classname="com.powers.mind.FatalResolutionGateTest" time="0.0"/>
  <testcase name="repetition 149 of 500" classname="com.powers.mind.FatalResolutionGateTest" time="0.0"/>
  <testcase name="repetition 150 of 500" classname="com.powers.mind.FatalResolutionGateTest" time="0.0"/>
  <testcase name="repetition 151 of 500" classname="com.powers.mind.FatalResolutionGateTest" time="0.001"/>
  <testcase name="repetition 152 of 500" classname="com.powers.mind.FatalResolutionGateTest" time="0.0"/>
  <testcase name="repetition 153 of 500" classname="com.powers.mind.FatalResolutionGateTest" time="0.0"/>
  <testcase name="repetition 154 of 500" classname="com.powers.mind.FatalResolutionGateTest" time="0.0"/>
  <testcase name="repetition 155 of 500" classname="com.powers.mind.FatalResolutionGateTest" time="0.0"/>
  <testcase name="repetition 156 of 500" classname="com.powers.mind.FatalResolutionGateTest" time="0.0"/>
  <testcase name="repetition 157 of 500" classname="com.powers.mind.FatalResolutionGateTest" time="0.0"/>
  <testcase name="repetition 158 of 500" classname="com.powers.mind.FatalResolutionGateTest" time="0.0"/>
  <testcase name="repetition 159 of 500" classname="com.powers.mind.FatalResolutionGateTest" time="0.001"/>
  <testcase name="repetition 160 of 500" classname="com.powers.mind.FatalResolutionGateTest" time="0.0"/>
  <testcase name="repetition 161 of 500" classname="com.powers.mind.FatalResolutionGateTest" time="0.0"/>
  <testcase name="repetition 162 of 500" classname="com.powers.mind.FatalResolutionGateTest" time="0.0"/>
  <testcase name="repetition 163 of 500" classname="com.powers.mind.FatalResolutionGateTest" time="0.0"/>
  <testcase name="repetition 164 of 500" classname="com.powers.mind.FatalResolutionGateTest" time="0.0"/>
  <testcase name="repetition 165 of 500" classname="com.powers.mind.FatalResolutionGateTest" time="0.0"/>
  <testcase name="repetition 166 of 500" classname="com.powers.mind.FatalResolutionGateTest" time="0.0"/>
  <testcase name="repetition 167 of 500" classname="com.powers.mind.FatalResolutionGateTest" time="0.0"/>
  <testcase name="repetition 168 of 500" classname="com.powers.mind.FatalResolutionGateTest" time="0.0"/>
  <testcase name="repetition 169 of 500" classname="com.powers.mind.FatalResolutionGateTest" time="0.0"/>
  <testcase name="repetition 170 of 500" classname="com.powers.mind.FatalResolutionGateTest" time="0.0"/>
  <testcase name="repetition 171 of 500" classname="com.powers.mind.FatalResolutionGateTest" time="0.0"/>
  <testcase name="repetition 172 of 500" classname="com.powers.mind.FatalResolutionGateTest" time="0.0"/>
  <testcase name="repetition 173 of 500" classname="com.powers.mind.FatalResolutionGateTest" time="0.0"/>
  <testcase name="repetition 174 of 500" classname="com.powers.mind.FatalResolutionGateTest" time="0.001"/>
  <testcase name="repetition 175 of 500" classname="com.powers.mind.FatalResolutionGateTest" time="0.0"/>
  <testcase name="repetition 176 of 500" classname="com.powers.mind.FatalResolutionGateTest" time="0.0"/>
  <testcase name="repetition 177 of 500" classname="com.powers.mind.FatalResolutionGateTest" time="0.0"/>
  <testcase name="repetition 178 of 500" classname="com.powers.mind.FatalResolutionGateTest" time="0.0"/>
  <testcase name="repetition 179 of 500" classname="com.powers.mind.FatalResolutionGateTest" time="0.0"/>
  <testcase name="repetition 180 of 500" classname="com.powers.mind.FatalResolutionGateTest" time="0.0"/>
  <testcase name="repetition 181 of 500" classname="com.powers.mind.FatalResolutionGateTest" time="0.001"/>
  <testcase name="repetition 182 of 500" classname="com.powers.mind.FatalResolutionGateTest" time="0.0"/>
  <testcase name="repetition 183 of 500" classname="com.powers.mind.FatalResolutionGateTest" time="0.0"/>
  <testcase name="repetition 184 of 500" classname="com.powers.mind.FatalResolutionGateTest" time="0.0"/>
  <testcase name="repetition 185 of 500" classname="com.powers.mind.FatalResolutionGateTest" time="0.0"/>
  <testcase name="repetition 186 of 500" classname="com.powers.mind.FatalResolutionGateTest" time="0.0"/>
  <testcase name="repetition 187 of 500" classname="com.powers.mind.FatalResolutionGateTest" time="0.0"/>
  <testcase name="repetition 188 of 500" classname="com.powers.mind.FatalResolutionGateTest" time="0.0"/>
  <testcase name="repetition 189 of 500" classname="com.powers.mind.FatalResolutionGateTest" time="0.001"/>
  <testcase name="repetition 190 of 500" classname="com.powers.mind.FatalResolutionGateTest" time="0.0"/>
  <testcase name="repetition 191 of 500" classname="com.powers.mind.FatalResolutionGateTest" time="0.0"/>
  <testcase name="repetition 192 of 500" classname="com.powers.mind.FatalResolutionGateTest" time="0.0"/>
  <testcase name="repetition 193 of 500" classname="com.powers.mind.FatalResolutionGateTest" time="0.0"/>
  <testcase name="repetition 194 of 500" classname="com.powers.mind.FatalResolutionGateTest" time="0.0"/>
  <testcase name="repetition 195 of 500" classname="com.powers.mind.FatalResolutionGateTest" time="0.001"/>
  <testcase name="repetition 196 of 500" classname="com.powers.mind.FatalResolutionGateTest" time="0.0"/>
  <testcase name="repetition 197 of 500" classname="com.powers.mind.FatalResolutionGateTest" time="0.0"/>
  <testcase name="repetition 198 of 500" classname="com.powers.mind.FatalResolutionGateTest" time="0.0"/>
  <testcase name="repetition 199 of 500" classname="com.powers.mind.FatalResolutionGateTest" time="0.0"/>
  <testcase name="repetition 200 of 500" classname="com.powers.mind.FatalResolutionGateTest" time="0.0"/>
  <testcase name="repetition 201 of 500" classname="com.powers.mind.FatalResolutionGateTest" time="0.0"/>
  <testcase name="repetition 202 of 500" classname="com.powers.mind.FatalResolutionGateTest" time="0.001"/>
  <testcase name="repetition 203 of 500" classname="com.powers.mind.FatalResolutionGateTest" time="0.0"/>
  <testcase name="repetition 204 of 500" classname="com.powers.mind.FatalResolutionGateTest" time="0.0"/>
  <testcase name="repetition 205 of 500" classname="com.powers.mind.FatalResolutionGateTest" time="0.0"/>
  <testcase name="repetition 206 of 500" classname="com.powers.mind.FatalResolutionGateTest" time="0.0"/>
  <testcase name="repetition 207 of 500" classname="com.powers.mind.FatalResolutionGateTest" time="0.0"/>
  <testcase name="repetition 208 of 500" classname="com.powers.mind.FatalResolutionGateTest" time="0.0"/>
  <testcase name="repetition 209 of 500" classname="com.powers.mind.FatalResolutionGateTest" time="0.001"/>
  <testcase name="repetition 210 of 500" classname="com.powers.mind.FatalResolutionGateTest" time="0.0"/>
  <testcase name="repetition 211 of 500" classname="com.powers.mind.FatalResolutionGateTest" time="0.0"/>
  <testcase name="repetition 212 of 500" classname="com.powers.mind.FatalResolutionGateTest" time="0.0"/>
  <testcase name="repetition 213 of 500" classname="com.powers.mind.FatalResolutionGateTest" time="0.0"/>
  <testcase name="repetition 214 of 500" classname="com.powers.mind.FatalResolutionGateTest" time="0.0"/>
  <testcase name="repetition 215 of 500" classname="com.powers.mind.FatalResolutionGateTest" time="0.0"/>
  <testcase name="repetition 216 of 500" classname="com.powers.mind.FatalResolutionGateTest" time="0.0"/>
  <testcase name="repetition 217 of 500" classname="com.powers.mind.FatalResolutionGateTest" time="0.0"/>
  <testcase name="repetition 218 of 500" classname="com.powers.mind.FatalResolutionGateTest" time="0.0"/>
  <testcase name="repetition 219 of 500" classname="com.powers.mind.FatalResolutionGateTest" time="0.0"/>
  <testcase name="repetition 220 of 500" classname="com.powers.mind.FatalResolutionGateTest" time="0.0"/>
  <testcase name="repetition 221 of 500" classname="com.powers.mind.FatalResolutionGateTest" time="0.0"/>
  <testcase name="repetition 222 of 500" classname="com.powers.mind.FatalResolutionGateTest" time="0.0"/>
  <testcase name="repetition 223 of 500" classname="com.powers.mind.FatalResolutionGateTest" time="0.0"/>
  <testcase name="repetition 224 of 500" classname="com.powers.mind.FatalResolutionGateTest" time="0.001"/>
  <testcase name="repetition 225 of 500" classname="com.powers.mind.FatalResolutionGateTest" time="0.0"/>
  <testcase name="repetition 226 of 500" classname="com.powers.mind.FatalResolutionGateTest" time="0.0"/>
  <testcase name="repetition 227 of 500" classname="com.powers.mind.FatalResolutionGateTest" time="0.0"/>
  <testcase name="repetition 228 of 500" classname="com.powers.mind.FatalResolutionGateTest" time="0.0"/>
  <testcase name="repetition 229 of 500" classname="com.powers.mind.FatalResolutionGateTest" time="0.0"/>
  <testcase name="repetition 230 of 500" classname="com.powers.mind.FatalResolutionGateTest" time="0.0"/>
  <testcase name="repetition 231 of 500" classname="com.powers.mind.FatalResolutionGateTest" time="0.0"/>
  <testcase name="repetition 232 of 500" classname="com.powers.mind.FatalResolutionGateTest" time="0.001"/>
  <testcase name="repetition 233 of 500" classname="com.powers.mind.FatalResolutionGateTest" time="0.0"/>
  <testcase name="repetition 234 of 500" classname="com.powers.mind.FatalResolutionGateTest" time="0.0"/>
  <testcase name="repetition 235 of 500" classname="com.powers.mind.FatalResolutionGateTest" time="0.0"/>
  <testcase name="repetition 236 of 500" classname="com.powers.mind.FatalResolutionGateTest" time="0.0"/>
  <testcase name="repetition 237 of 500" classname="com.powers.mind.FatalResolutionGateTest" time="0.0"/>
  <testcase name="repetition 238 of 500" classname="com.powers.mind.FatalResolutionGateTest" time="0.0"/>
  <testcase name="repetition 239 of 500" classname="com.powers.mind.FatalResolutionGateTest" time="0.0"/>
  <testcase name="repetition 240 of 500" classname="com.powers.mind.FatalResolutionGateTest" time="0.001"/>
  <testcase name="repetition 241 of 500" classname="com.powers.mind.FatalResolutionGateTest" time="0.0"/>
  <testcase name="repetition 242 of 500" classname="com.powers.mind.FatalResolutionGateTest" time="0.0"/>
  <testcase name="repetition 243 of 500" classname="com.powers.mind.FatalResolutionGateTest" time="0.0"/>
  <testcase name="repetition 244 of 500" classname="com.powers.mind.FatalResolutionGateTest" time="0.0"/>
  <testcase name="repetition 245 of 500" classname="com.powers.mind.FatalResolutionGateTest" time="0.0"/>
  <testcase name="repetition 246 of 500" classname="com.powers.mind.FatalResolutionGateTest" time="0.0"/>
  <testcase name="repetition 247 of 500" classname="com.powers.mind.FatalResolutionGateTest" time="0.0"/>
  <testcase name="repetition 248 of 500" classname="com.powers.mind.FatalResolutionGateTest" time="0.0"/>
  <testcase name="repetition 249 of 500" classname="com.powers.mind.FatalResolutionGateTest" time="0.0"/>
  <testcase name="repetition 250 of 500" classname="com.powers.mind.FatalResolutionGateTest" time="0.0"/>
  <testcase name="repetition 251 of 500" classname="com.powers.mind.FatalResolutionGateTest" time="0.0"/>
  <testcase name="repetition 252 of 500" classname="com.powers.mind.FatalResolutionGateTest" time="0.0"/>
  <testcase name="repetition 253 of 500" classname="com.powers.mind.FatalResolutionGateTest" time="0.0"/>
  <testcase name="repetition 254 of 500" classname="com.powers.mind.FatalResolutionGateTest" time="0.0"/>
  <testcase name="repetition 255 of 500" classname="com.powers.mind.FatalResolutionGateTest" time="0.0"/>
  <testcase name="repetition 256 of 500" classname="com.powers.mind.FatalResolutionGateTest" time="0.0"/>
  <testcase name="repetition 257 of 500" classname="com.powers.mind.FatalResolutionGateTest" time="0.0"/>
  <testcase name="repetition 258 of 500" classname="com.powers.mind.FatalResolutionGateTest" time="0.0"/>
  <testcase name="repetition 259 of 500" classname="com.powers.mind.FatalResolutionGateTest" time="0.0"/>
  <testcase name="repetition 260 of 500" classname="com.powers.mind.FatalResolutionGateTest" time="0.0"/>
  <testcase name="repetition 261 of 500" classname="com.powers.mind.FatalResolutionGateTest" time="0.0"/>
  <testcase name="repetition 262 of 500" classname="com.powers.mind.FatalResolutionGateTest" time="0.0"/>
  <testcase name="repetition 263 of 500" classname="com.powers.mind.FatalResolutionGateTest" time="0.0"/>
  <testcase name="repetition 264 of 500" classname="com.powers.mind.FatalResolutionGateTest" time="0.0"/>
  <testcase name="repetition 265 of 500" classname="com.powers.mind.FatalResolutionGateTest" time="0.0"/>
  <testcase name="repetition 266 of 500" classname="com.powers.mind.FatalResolutionGateTest" time="0.0"/>
  <testcase name="repetition 267 of 500" classname="com.powers.mind.FatalResolutionGateTest" time="0.0"/>
  <testcase name="repetition 268 of 500" classname="com.powers.mind.FatalResolutionGateTest" time="0.0"/>
  <testcase name="repetition 269 of 500" classname="com.powers.mind.FatalResolutionGateTest" time="0.0"/>
  <testcase name="repetition 270 of 500" classname="com.powers.mind.FatalResolutionGateTest" time="0.0"/>
  <testcase name="repetition 271 of 500" classname="com.powers.mind.FatalResolutionGateTest" time="0.0"/>
  <testcase name="repetition 272 of 500" classname="com.powers.mind.FatalResolutionGateTest" time="0.0"/>
  <testcase name="repetition 273 of 500" classname="com.powers.mind.FatalResolutionGateTest" time="0.0"/>
  <testcase name="repetition 274 of 500" classname="com.powers.mind.FatalResolutionGateTest" time="0.0"/>
  <testcase name="repetition 275 of 500" classname="com.powers.mind.FatalResolutionGateTest" time="0.0"/>
  <testcase name="repetition 276 of 500" classname="com.powers.mind.FatalResolutionGateTest" time="0.0"/>
  <testcase name="repetition 277 of 500" classname="com.powers.mind.FatalResolutionGateTest" time="0.0"/>
  <testcase name="repetition 278 of 500" classname="com.powers.mind.FatalResolutionGateTest" time="0.001"/>
  <testcase name="repetition 279 of 500" classname="com.powers.mind.FatalResolutionGateTest" time="0.0"/>
  <testcase name="repetition 280 of 500" classname="com.powers.mind.FatalResolutionGateTest" time="0.0"/>
  <testcase name="repetition 281 of 500" classname="com.powers.mind.FatalResolutionGateTest" time="0.0"/>
  <testcase name="repetition 282 of 500" classname="com.powers.mind.FatalResolutionGateTest" time="0.0"/>
  <testcase name="repetition 283 of 500" classname="com.powers.mind.FatalResolutionGateTest" time="0.0"/>
  <testcase name="repetition 284 of 500" classname="com.powers.mind.FatalResolutionGateTest" time="0.0"/>
  <testcase name="repetition 285 of 500" classname="com.powers.mind.FatalResolutionGateTest" time="0.0"/>
  <testcase name="repetition 286 of 500" classname="com.powers.mind.FatalResolutionGateTest" time="0.001"/>
  <testcase name="repetition 287 of 500" classname="com.powers.mind.FatalResolutionGateTest" time="0.0"/>
  <testcase name="repetition 288 of 500" classname="com.powers.mind.FatalResolutionGateTest" time="0.0"/>
  <testcase name="repetition 289 of 500" classname="com.powers.mind.FatalResolutionGateTest" time="0.0"/>
  <testcase name="repetition 290 of 500" classname="com.powers.mind.FatalResolutionGateTest" time="0.0"/>
  <testcase name="repetition 291 of 500" classname="com.powers.mind.FatalResolutionGateTest" time="0.0"/>
  <testcase name="repetition 292 of 500" classname="com.powers.mind.FatalResolutionGateTest" time="0.0"/>
  <testcase name="repetition 293 of 500" classname="com.powers.mind.FatalResolutionGateTest" time="0.0"/>
  <testcase name="repetition 294 of 500" classname="com.powers.mind.FatalResolutionGateTest" time="0.0"/>
  <testcase name="repetition 295 of 500" classname="com.powers.mind.FatalResolutionGateTest" time="0.0"/>
  <testcase name="repetition 296 of 500" classname="com.powers.mind.FatalResolutionGateTest" time="0.0"/>
  <testcase name="repetition 297 of 500" classname="com.powers.mind.FatalResolutionGateTest" time="0.0"/>
  <testcase name="repetition 298 of 500" classname="com.powers.mind.FatalResolutionGateTest" time="0.0"/>
  <testcase name="repetition 299 of 500" classname="com.powers.mind.FatalResolutionGateTest" time="0.0"/>
  <testcase name="repetition 300 of 500" classname="com.powers.mind.FatalResolutionGateTest" time="0.0"/>
  <testcase name="repetition 301 of 500" classname="com.powers.mind.FatalResolutionGateTest" time="0.0"/>
  <testcase name="repetition 302 of 500" classname="com.powers.mind.FatalResolutionGateTest" time="0.0"/>
  <testcase name="repetition 303 of 500" classname="com.powers.mind.FatalResolutionGateTest" time="0.0"/>
  <testcase name="repetition 304 of 500" classname="com.powers.mind.FatalResolutionGateTest" time="0.0"/>
  <testcase name="repetition 305 of 500" classname="com.powers.mind.FatalResolutionGateTest" time="0.0"/>
  <testcase name="repetition 306 of 500" classname="com.powers.mind.FatalResolutionGateTest" time="0.0"/>
  <testcase name="repetition 307 of 500" classname="com.powers.mind.FatalResolutionGateTest" time="0.0"/>
  <testcase name="repetition 308 of 500" classname="com.powers.mind.FatalResolutionGateTest" time="0.001"/>
  <testcase name="repetition 309 of 500" classname="com.powers.mind.FatalResolutionGateTest" time="0.0"/>
  <testcase name="repetition 310 of 500" classname="com.powers.mind.FatalResolutionGateTest" time="0.0"/>
  <testcase name="repetition 311 of 500" classname="com.powers.mind.FatalResolutionGateTest" time="0.0"/>
  <testcase name="repetition 312 of 500" classname="com.powers.mind.FatalResolutionGateTest" time="0.0"/>
  <testcase name="repetition 313 of 500" classname="com.powers.mind.FatalResolutionGateTest" time="0.0"/>
  <testcase name="repetition 314 of 500" classname="com.powers.mind.FatalResolutionGateTest" time="0.0"/>
  <testcase name="repetition 315 of 500" classname="com.powers.mind.FatalResolutionGateTest" time="0.0"/>
  <testcase name="repetition 316 of 500" classname="com.powers.mind.FatalResolutionGateTest" time="0.001"/>
  <testcase name="repetition 317 of 500" classname="com.powers.mind.FatalResolutionGateTest" time="0.0"/>
  <testcase name="repetition 318 of 500" classname="com.powers.mind.FatalResolutionGateTest" time="0.0"/>
  <testcase name="repetition 319 of 500" classname="com.powers.mind.FatalResolutionGateTest" time="0.0"/>
  <testcase name="repetition 320 of 500" classname="com.powers.mind.FatalResolutionGateTest" time="0.0"/>
  <testcase name="repetition 321 of 500" classname="com.powers.mind.FatalResolutionGateTest" time="0.0"/>
  <testcase name="repetition 322 of 500" classname="com.powers.mind.FatalResolutionGateTest" time="0.0"/>
  <testcase name="repetition 323 of 500" classname="com.powers.mind.FatalResolutionGateTest" time="0.0"/>
  <testcase name="repetition 324 of 500" classname="com.powers.mind.FatalResolutionGateTest" time="0.0"/>
  <testcase name="repetition 325 of 500" classname="com.powers.mind.FatalResolutionGateTest" time="0.0"/>
  <testcase name="repetition 326 of 500" classname="com.powers.mind.FatalResolutionGateTest" time="0.0"/>
  <testcase name="repetition 327 of 500" classname="com.powers.mind.FatalResolutionGateTest" time="0.0"/>
  <testcase name="repetition 328 of 500" classname="com.powers.mind.FatalResolutionGateTest" time="0.0"/>
  <testcase name="repetition 329 of 500" classname="com.powers.mind.FatalResolutionGateTest" time="0.0"/>
  <testcase name="repetition 330 of 500" classname="com.powers.mind.FatalResolutionGateTest" time="0.0"/>
  <testcase name="repetition 331 of 500" classname="com.powers.mind.FatalResolutionGateTest" time="0.0"/>
  <testcase name="repetition 332 of 500" classname="com.powers.mind.FatalResolutionGateTest" time="0.001"/>
  <testcase name="repetition 333 of 500" classname="com.powers.mind.FatalResolutionGateTest" time="0.0"/>
  <testcase name="repetition 334 of 500" classname="com.powers.mind.FatalResolutionGateTest" time="0.0"/>
  <testcase name="repetition 335 of 500" classname="com.powers.mind.FatalResolutionGateTest" time="0.0"/>
  <testcase name="repetition 336 of 500" classname="com.powers.mind.FatalResolutionGateTest" time="0.0"/>
  <testcase name="repetition 337 of 500" classname="com.powers.mind.FatalResolutionGateTest" time="0.0"/>
  <testcase name="repetition 338 of 500" classname="com.powers.mind.FatalResolutionGateTest" time="0.0"/>
  <testcase name="repetition 339 of 500" classname="com.powers.mind.FatalResolutionGateTest" time="0.001"/>
  <testcase name="repetition 340 of 500" classname="com.powers.mind.FatalResolutionGateTest" time="0.0"/>
  <testcase name="repetition 341 of 500" classname="com.powers.mind.FatalResolutionGateTest" time="0.0"/>
  <testcase name="repetition 342 of 500" classname="com.powers.mind.FatalResolutionGateTest" time="0.0"/>
  <testcase name="repetition 343 of 500" classname="com.powers.mind.FatalResolutionGateTest" time="0.0"/>
  <testcase name="repetition 344 of 500" classname="com.powers.mind.FatalResolutionGateTest" time="0.001"/>
  <testcase name="repetition 345 of 500" classname="com.powers.mind.FatalResolutionGateTest" time="0.0"/>
  <testcase name="repetition 346 of 500" classname="com.powers.mind.FatalResolutionGateTest" time="0.0"/>
  <testcase name="repetition 347 of 500" classname="com.powers.mind.FatalResolutionGateTest" time="0.0"/>
  <testcase name="repetition 348 of 500" classname="com.powers.mind.FatalResolutionGateTest" time="0.001"/>
  <testcase name="repetition 349 of 500" classname="com.powers.mind.FatalResolutionGateTest" time="0.0"/>
  <testcase name="repetition 350 of 500" classname="com.powers.mind.FatalResolutionGateTest" time="0.0"/>
  <testcase name="repetition 351 of 500" classname="com.powers.mind.FatalResolutionGateTest" time="0.0"/>
  <testcase name="repetition 352 of 500" classname="com.powers.mind.FatalResolutionGateTest" time="0.0"/>
  <testcase name="repetition 353 of 500" classname="com.powers.mind.FatalResolutionGateTest" time="0.001"/>
  <testcase name="repetition 354 of 500" classname="com.powers.mind.FatalResolutionGateTest" time="0.0"/>
  <testcase name="repetition 355 of 500" classname="com.powers.mind.FatalResolutionGateTest" time="0.0"/>
  <testcase name="repetition 356 of 500" classname="com.powers.mind.FatalResolutionGateTest" time="0.0"/>
  <testcase name="repetition 357 of 500" classname="com.powers.mind.FatalResolutionGateTest" time="0.0"/>
  <testcase name="repetition 358 of 500" classname="com.powers.mind.FatalResolutionGateTest" time="0.0"/>
  <testcase name="repetition 359 of 500" classname="com.powers.mind.FatalResolutionGateTest" time="0.0"/>
  <testcase name="repetition 360 of 500" classname="com.powers.mind.FatalResolutionGateTest" time="0.001"/>
  <testcase name="repetition 361 of 500" classname="com.powers.mind.FatalResolutionGateTest" time="0.0"/>
  <testcase name="repetition 362 of 500" classname="com.powers.mind.FatalResolutionGateTest" time="0.0"/>
  <testcase name="repetition 363 of 500" classname="com.powers.mind.FatalResolutionGateTest" time="0.0"/>
  <testcase name="repetition 364 of 500" classname="com.powers.mind.FatalResolutionGateTest" time="0.0"/>
  <testcase name="repetition 365 of 500" classname="com.powers.mind.FatalResolutionGateTest" time="0.0"/>
  <testcase name="repetition 366 of 500" classname="com.powers.mind.FatalResolutionGateTest" time="0.0"/>
  <testcase name="repetition 367 of 500" classname="com.powers.mind.FatalResolutionGateTest" time="0.0"/>
  <testcase name="repetition 368 of 500" classname="com.powers.mind.FatalResolutionGateTest" time="0.0"/>
  <testcase name="repetition 369 of 500" classname="com.powers.mind.FatalResolutionGateTest" time="0.001"/>
  <testcase name="repetition 370 of 500" classname="com.powers.mind.FatalResolutionGateTest" time="0.0"/>
  <testcase name="repetition 371 of 500" classname="com.powers.mind.FatalResolutionGateTest" time="0.0"/>
  <testcase name="repetition 372 of 500" classname="com.powers.mind.FatalResolutionGateTest" time="0.0"/>
  <testcase name="repetition 373 of 500" classname="com.powers.mind.FatalResolutionGateTest" time="0.0"/>
  <testcase name="repetition 374 of 500" classname="com.powers.mind.FatalResolutionGateTest" time="0.0"/>
  <testcase name="repetition 375 of 500" classname="com.powers.mind.FatalResolutionGateTest" time="0.0"/>
  <testcase name="repetition 376 of 500" classname="com.powers.mind.FatalResolutionGateTest" time="0.0"/>
  <testcase name="repetition 377 of 500" classname="com.powers.mind.FatalResolutionGateTest" time="0.0"/>
  <testcase name="repetition 378 of 500" classname="com.powers.mind.FatalResolutionGateTest" time="0.0"/>
  <testcase name="repetition 379 of 500" classname="com.powers.mind.FatalResolutionGateTest" time="0.0"/>
  <testcase name="repetition 380 of 500" classname="com.powers.mind.FatalResolutionGateTest" time="0.0"/>
  <testcase name="repetition 381 of 500" classname="com.powers.mind.FatalResolutionGateTest" time="0.0"/>
  <testcase name="repetition 382 of 500" classname="com.powers.mind.FatalResolutionGateTest" time="0.0"/>
  <testcase name="repetition 383 of 500" classname="com.powers.mind.FatalResolutionGateTest" time="0.0"/>
  <testcase name="repetition 384 of 500" classname="com.powers.mind.FatalResolutionGateTest" time="0.0"/>
  <testcase name="repetition 385 of 500" classname="com.powers.mind.FatalResolutionGateTest" time="0.0"/>
  <testcase name="repetition 386 of 500" classname="com.powers.mind.FatalResolutionGateTest" time="0.0"/>
  <testcase name="repetition 387 of 500" classname="com.powers.mind.FatalResolutionGateTest" time="0.0"/>
  <testcase name="repetition 388 of 500" classname="com.powers.mind.FatalResolutionGateTest" time="0.0"/>
  <testcase name="repetition 389 of 500" classname="com.powers.mind.FatalResolutionGateTest" time="0.0"/>
  <testcase name="repetition 390 of 500" classname="com.powers.mind.FatalResolutionGateTest" time="0.0"/>
  <testcase name="repetition 391 of 500" classname="com.powers.mind.FatalResolutionGateTest" time="0.0"/>
  <testcase name="repetition 392 of 500" classname="com.powers.mind.FatalResolutionGateTest" time="0.0"/>
  <testcase name="repetition 393 of 500" classname="com.powers.mind.FatalResolutionGateTest" time="0.0"/>
  <testcase name="repetition 394 of 500" classname="com.powers.mind.FatalResolutionGateTest" time="0.0"/>
  <testcase name="repetition 395 of 500" classname="com.powers.mind.FatalResolutionGateTest" time="0.0"/>
  <testcase name="repetition 396 of 500" classname="com.powers.mind.FatalResolutionGateTest" time="0.0"/>
  <testcase name="repetition 397 of 500" classname="com.powers.mind.FatalResolutionGateTest" time="0.0"/>
  <testcase name="repetition 398 of 500" classname="com.powers.mind.FatalResolutionGateTest" time="0.0"/>
  <testcase name="repetition 399 of 500" classname="com.powers.mind.FatalResolutionGateTest" time="0.0"/>
  <testcase name="repetition 400 of 500" classname="com.powers.mind.FatalResolutionGateTest" time="0.0"/>
  <testcase name="repetition 401 of 500" classname="com.powers.mind.FatalResolutionGateTest" time="0.0"/>
  <testcase name="repetition 402 of 500" classname="com.powers.mind.FatalResolutionGateTest" time="0.0"/>
  <testcase name="repetition 403 of 500" classname="com.powers.mind.FatalResolutionGateTest" time="0.0"/>
  <testcase name="repetition 404 of 500" classname="com.powers.mind.FatalResolutionGateTest" time="0.0"/>
  <testcase name="repetition 405 of 500" classname="com.powers.mind.FatalResolutionGateTest" time="0.0"/>
  <testcase name="repetition 406 of 500" classname="com.powers.mind.FatalResolutionGateTest" time="0.0"/>
  <testcase name="repetition 407 of 500" classname="com.powers.mind.FatalResolutionGateTest" time="0.0"/>
  <testcase name="repetition 408 of 500" classname="com.powers.mind.FatalResolutionGateTest" time="0.0"/>
  <testcase name="repetition 409 of 500" classname="com.powers.mind.FatalResolutionGateTest" time="0.0"/>
  <testcase name="repetition 410 of 500" classname="com.powers.mind.FatalResolutionGateTest" time="0.0"/>
  <testcase name="repetition 411 of 500" classname="com.powers.mind.FatalResolutionGateTest" time="0.0"/>
  <testcase name="repetition 412 of 500" classname="com.powers.mind.FatalResolutionGateTest" time="0.0"/>
  <testcase name="repetition 413 of 500" classname="com.powers.mind.FatalResolutionGateTest" time="0.0"/>
  <testcase name="repetition 414 of 500" classname="com.powers.mind.FatalResolutionGateTest" time="0.0"/>
  <testcase name="repetition 415 of 500" classname="com.powers.mind.FatalResolutionGateTest" time="0.0"/>
  <testcase name="repetition 416 of 500" classname="com.powers.mind.FatalResolutionGateTest" time="0.0"/>
  <testcase name="repetition 417 of 500" classname="com.powers.mind.FatalResolutionGateTest" time="0.0"/>
  <testcase name="repetition 418 of 500" classname="com.powers.mind.FatalResolutionGateTest" time="0.0"/>
  <testcase name="repetition 419 of 500" classname="com.powers.mind.FatalResolutionGateTest" time="0.0"/>
  <testcase name="repetition 420 of 500" classname="com.powers.mind.FatalResolutionGateTest" time="0.0"/>
  <testcase name="repetition 421 of 500" classname="com.powers.mind.FatalResolutionGateTest" time="0.0"/>
  <testcase name="repetition 422 of 500" classname="com.powers.mind.FatalResolutionGateTest" time="0.0"/>
  <testcase name="repetition 423 of 500" classname="com.powers.mind.FatalResolutionGateTest" time="0.0"/>
  <testcase name="repetition 424 of 500" classname="com.powers.mind.FatalResolutionGateTest" time="0.0"/>
  <testcase name="repetition 425 of 500" classname="com.powers.mind.FatalResolutionGateTest" time="0.0"/>
  <testcase name="repetition 426 of 500" classname="com.powers.mind.FatalResolutionGateTest" time="0.0"/>
  <testcase name="repetition 427 of 500" classname="com.powers.mind.FatalResolutionGateTest" time="0.0"/>
  <testcase name="repetition 428 of 500" classname="com.powers.mind.FatalResolutionGateTest" time="0.001"/>
  <testcase name="repetition 429 of 500" classname="com.powers.mind.FatalResolutionGateTest" time="0.0"/>
  <testcase name="repetition 430 of 500" classname="com.powers.mind.FatalResolutionGateTest" time="0.0"/>
  <testcase name="repetition 431 of 500" classname="com.powers.mind.FatalResolutionGateTest" time="0.0"/>
  <testcase name="repetition 432 of 500" classname="com.powers.mind.FatalResolutionGateTest" time="0.0"/>
  <testcase name="repetition 433 of 500" classname="com.powers.mind.FatalResolutionGateTest" time="0.0"/>
  <testcase name="repetition 434 of 500" classname="com.powers.mind.FatalResolutionGateTest" time="0.0"/>
  <testcase name="repetition 435 of 500" classname="com.powers.mind.FatalResolutionGateTest" time="0.0"/>
  <testcase name="repetition 436 of 500" classname="com.powers.mind.FatalResolutionGateTest" time="0.0"/>
  <testcase name="repetition 437 of 500" classname="com.powers.mind.FatalResolutionGateTest" time="0.0"/>
  <testcase name="repetition 438 of 500" classname="com.powers.mind.FatalResolutionGateTest" time="0.0"/>
  <testcase name="repetition 439 of 500" classname="com.powers.mind.FatalResolutionGateTest" time="0.001"/>
  <testcase name="repetition 440 of 500" classname="com.powers.mind.FatalResolutionGateTest" time="0.0"/>
  <testcase name="repetition 441 of 500" classname="com.powers.mind.FatalResolutionGateTest" time="0.0"/>
  <testcase name="repetition 442 of 500" classname="com.powers.mind.FatalResolutionGateTest" time="0.0"/>
  <testcase name="repetition 443 of 500" classname="com.powers.mind.FatalResolutionGateTest" time="0.0"/>
  <testcase name="repetition 444 of 500" classname="com.powers.mind.FatalResolutionGateTest" time="0.0"/>
  <testcase name="repetition 445 of 500" classname="com.powers.mind.FatalResolutionGateTest" time="0.0"/>
  <testcase name="repetition 446 of 500" classname="com.powers.mind.FatalResolutionGateTest" time="0.0"/>
  <testcase name="repetition 447 of 500" classname="com.powers.mind.FatalResolutionGateTest" time="0.0"/>
  <testcase name="repetition 448 of 500" classname="com.powers.mind.FatalResolutionGateTest" time="0.0"/>
  <testcase name="repetition 449 of 500" classname="com.powers.mind.FatalResolutionGateTest" time="0.0"/>
  <testcase name="repetition 450 of 500" classname="com.powers.mind.FatalResolutionGateTest" time="0.0"/>
  <testcase name="repetition 451 of 500" classname="com.powers.mind.FatalResolutionGateTest" time="0.0"/>
  <testcase name="repetition 452 of 500" classname="com.powers.mind.FatalResolutionGateTest" time="0.001"/>
  <testcase name="repetition 453 of 500" classname="com.powers.mind.FatalResolutionGateTest" time="0.0"/>
  <testcase name="repetition 454 of 500" classname="com.powers.mind.FatalResolutionGateTest" time="0.0"/>
  <testcase name="repetition 455 of 500" classname="com.powers.mind.FatalResolutionGateTest" time="0.0"/>
  <testcase name="repetition 456 of 500" classname="com.powers.mind.FatalResolutionGateTest" time="0.0"/>
  <testcase name="repetition 457 of 500" classname="com.powers.mind.FatalResolutionGateTest" time="0.0"/>
  <testcase name="repetition 458 of 500" classname="com.powers.mind.FatalResolutionGateTest" time="0.0"/>
  <testcase name="repetition 459 of 500" classname="com.powers.mind.FatalResolutionGateTest" time="0.0"/>
  <testcase name="repetition 460 of 500" classname="com.powers.mind.FatalResolutionGateTest" time="0.001"/>
  <testcase name="repetition 461 of 500" classname="com.powers.mind.FatalResolutionGateTest" time="0.0"/>
  <testcase name="repetition 462 of 500" classname="com.powers.mind.FatalResolutionGateTest" time="0.0"/>
  <testcase name="repetition 463 of 500" classname="com.powers.mind.FatalResolutionGateTest" time="0.0"/>
  <testcase name="repetition 464 of 500" classname="com.powers.mind.FatalResolutionGateTest" time="0.0"/>
  <testcase name="repetition 465 of 500" classname="com.powers.mind.FatalResolutionGateTest" time="0.0"/>
  <testcase name="repetition 466 of 500" classname="com.powers.mind.FatalResolutionGateTest" time="0.0"/>
  <testcase name="repetition 467 of 500" classname="com.powers.mind.FatalResolutionGateTest" time="0.001"/>
  <testcase name="repetition 468 of 500" classname="com.powers.mind.FatalResolutionGateTest" time="0.0"/>
  <testcase name="repetition 469 of 500" classname="com.powers.mind.FatalResolutionGateTest" time="0.0"/>
  <testcase name="repetition 470 of 500" classname="com.powers.mind.FatalResolutionGateTest" time="0.0"/>
  <testcase name="repetition 471 of 500" classname="com.powers.mind.FatalResolutionGateTest" time="0.0"/>
  <testcase name="repetition 472 of 500" classname="com.powers.mind.FatalResolutionGateTest" time="0.0"/>
  <testcase name="repetition 473 of 500" classname="com.powers.mind.FatalResolutionGateTest" time="0.0"/>
  <testcase name="repetition 474 of 500" classname="com.powers.mind.FatalResolutionGateTest" time="0.0"/>
  <testcase name="repetition 475 of 500" classname="com.powers.mind.FatalResolutionGateTest" time="0.0"/>
  <testcase name="repetition 476 of 500" classname="com.powers.mind.FatalResolutionGateTest" time="0.0"/>
  <testcase name="repetition 477 of 500" classname="com.powers.mind.FatalResolutionGateTest" time="0.0"/>
  <testcase name="repetition 478 of 500" classname="com.powers.mind.FatalResolutionGateTest" time="0.0"/>
  <testcase name="repetition 479 of 500" classname="com.powers.mind.FatalResolutionGateTest" time="0.001"/>
  <testcase name="repetition 480 of 500" classname="com.powers.mind.FatalResolutionGateTest" time="0.0"/>
  <testcase name="repetition 481 of 500" classname="com.powers.mind.FatalResolutionGateTest" time="0.0"/>
  <testcase name="repetition 482 of 500" classname="com.powers.mind.FatalResolutionGateTest" time="0.0"/>
  <testcase name="repetition 483 of 500" classname="com.powers.mind.FatalResolutionGateTest" time="0.0"/>
  <testcase name="repetition 484 of 500" classname="com.powers.mind.FatalResolutionGateTest" time="0.0"/>
  <testcase name="repetition 485 of 500" classname="com.powers.mind.FatalResolutionGateTest" time="0.0"/>
  <testcase name="repetition 486 of 500" classname="com.powers.mind.FatalResolutionGateTest" time="0.001"/>
  <testcase name="repetition 487 of 500" classname="com.powers.mind.FatalResolutionGateTest" time="0.0"/>
  <testcase name="repetition 488 of 500" classname="com.powers.mind.FatalResolutionGateTest" time="0.0"/>
  <testcase name="repetition 489 of 500" classname="com.powers.mind.FatalResolutionGateTest" time="0.0"/>
  <testcase name="repetition 490 of 500" classname="com.powers.mind.FatalResolutionGateTest" time="0.0"/>
  <testcase name="repetition 491 of 500" classname="com.powers.mind.FatalResolutionGateTest" time="0.0"/>
  <testcase name="repetition 492 of 500" classname="com.powers.mind.FatalResolutionGateTest" time="0.0"/>
  <testcase name="repetition 493 of 500" classname="com.powers.mind.FatalResolutionGateTest" time="0.0"/>
  <testcase name="repetition 494 of 500" classname="com.powers.mind.FatalResolutionGateTest" time="0.0"/>
  <testcase name="repetition 495 of 500" classname="com.powers.mind.FatalResolutionGateTest" time="0.0"/>
  <testcase name="repetition 496 of 500" classname="com.powers.mind.FatalResolutionGateTest" time="0.0"/>
  <testcase name="repetition 497 of 500" classname="com.powers.mind.FatalResolutionGateTest" time="0.0"/>
  <testcase name="repetition 498 of 500" classname="com.powers.mind.FatalResolutionGateTest" time="0.0"/>
  <testcase name="repetition 499 of 500" classname="com.powers.mind.FatalResolutionGateTest" time="0.0"/>
  <testcase name="repetition 500 of 500" classname="com.powers.mind.FatalResolutionGateTest" time="0.0"/>
  <system-out><![CDATA[]]></system-out>
  <system-err><![CDATA[]]></system-err>
</testsuite>
