<?xml version="1.0" encoding="UTF-8"?>
<testsuite name="com.powers.knowledge.BoundedKnowledgeProviderTest" tests="4" skipped="0" failures="0" errors="0" timestamp="2026-08-31T04:00:21.650Z" hostname="MacBook-Pro-de-James.local" time="0.002">
  <properties/>
  <testcase name="remotePromptAndAnswerPreserveAuthoritativeDiagnostics()" classname="com.powers.knowledge.BoundedKnowledgeProviderTest" time="0.001"/>
  <testcase name="disabledProviderReturnsTheOfflineAnswerWithoutCallingTransport()" classname="com.powers.knowledge.BoundedKnowledgeProviderTest" time="0.0"/>
  <testcase name="remoteKnowledgeCannotInjectChatFormattingOrBidiText()" classname="com.powers.knowledge.BoundedKnowledgeProviderTest" time="0.001"/>
  <testcase name="successfulAnswerIsBoundedAndContainsNoIdentityOrCredential()" classname="com.powers.knowledge.BoundedKnowledgeProviderTest" time="0.0"/>
  <system-out><![CDATA[]]></system-out>
  <system-err><![CDATA[]]></system-err>
</testsuite>
