<?xml version="1.0" encoding="UTF-8"?>
<testsuite name="com.powers.companion.ShadowConversationMemoryTest" tests="2" skipped="0" failures="0" errors="0" timestamp="2026-08-29T23:34:11.840Z" hostname="MacBook-Pro-de-James.local" time="0.002">
  <properties/>
  <testcase name="redactionAndDeathSafeSnapshotNeverRetainSecretsOrRuntimeEntities()" classname="com.powers.companion.ShadowConversationMemoryTest" time="0.0"/>
  <testcase name="historyReferentsAndInfluenceAreHardBounded()" classname="com.powers.companion.ShadowConversationMemoryTest" time="0.002"/>
  <system-out><![CDATA[]]></system-out>
  <system-err><![CDATA[]]></system-err>
</testsuite>
