<?xml version="1.0" encoding="UTF-8"?>
<testsuite name="com.powers.boss.FirstVesselTacticalPlannerTest" tests="3" skipped="0" failures="0" errors="0" timestamp="2026-08-31T00:49:58.618Z" hostname="MacBook-Pro-de-James.local" time="0.005">
  <properties/>
  <testcase name="cooldownsWardsRepetitionAndInvalidTargetsAreRespected()" classname="com.powers.boss.FirstVesselTacticalPlannerTest" time="0.001"/>
  <testcase name="rangeClusterLowHealthAndCoverChangeTheWinningTool()" classname="com.powers.boss.FirstVesselTacticalPlannerTest" time="0.0"/>
  <testcase name="twentyAndFiftyPlayerSimulationsStayInsideTheCandidateBudget()" classname="com.powers.boss.FirstVesselTacticalPlannerTest" time="0.004"/>
  <system-out><![CDATA[]]></system-out>
  <system-err><![CDATA[]]></system-err>
</testsuite>
