<?xml version="1.0" encoding="UTF-8"?>
<testsuite name="com.powers.network.VesselControlSequenceTest" tests="1" skipped="0" failures="0" errors="0" timestamp="2026-08-31T03:12:22.055Z" hostname="MacBook-Pro-de-James.local" time="0.001">
  <properties/>
  <testcase name="reorderedAndDuplicateInputsCannotReplaceNewerAuthoritativeIntent()" classname="com.powers.network.VesselControlSequenceTest" time="0.001"/>
  <system-out><![CDATA[]]></system-out>
  <system-err><![CDATA[]]></system-err>
</testsuite>
