<?xml version="1.0" encoding="UTF-8"?>
<testsuite name="com.powers.companion.CompanionSyncRulesTest" tests="3" skipped="0" failures="0" errors="0" timestamp="2026-08-31T05:01:53.951Z" hostname="MacBook-Pro-de-James.local" time="0.004">
  <properties/>
  <testcase name="sessionsAreDeterministicallyStaggeredAcrossTheUpdateInterval()" classname="com.powers.companion.CompanionSyncRulesTest" time="0.002"/>
  <testcase name="rotatingIndexWrapsWithoutOverflowOrNegativeValues()" classname="com.powers.companion.CompanionSyncRulesTest" time="0.0"/>
  <testcase name="viewerAllowanceIsBoundedAndShrinksWithSessionPressure()" classname="com.powers.companion.CompanionSyncRulesTest" time="0.0"/>
  <system-out><![CDATA[]]></system-out>
  <system-err><![CDATA[]]></system-err>
</testsuite>
