<?xml version="1.0" encoding="UTF-8"?>
<testsuite name="com.powers.spell.SpellRegistryTest" tests="2" skipped="0" failures="0" errors="0" timestamp="2026-08-31T00:50:48.590Z" hostname="MacBook-Pro-de-James.local" time="0.001">
  <properties/>
  <testcase name="spellIdsAreUniqueAndDefinitionsAreComplete()" classname="com.powers.spell.SpellRegistryTest" time="0.0"/>
  <testcase name="activeGrimoiresResolveAndInfernalCompatibilityTexturesAreDormant()" classname="com.powers.spell.SpellRegistryTest" time="0.0"/>
  <system-out><![CDATA[]]></system-out>
  <system-err><![CDATA[]]></system-err>
</testsuite>
