<?xml version="1.0" encoding="UTF-8"?>
<testsuite name="com.powers.quality.ReleasePipelineContractTest" tests="4" skipped="0" failures="0" errors="0" timestamp="2026-08-31T05:02:11.636Z" hostname="MacBook-Pro-de-James.local" time="0.001">
  <properties/>
  <testcase name="syntheticSoakHasASeparatelyAttributedGradleTask()" classname="com.powers.quality.ReleasePipelineContractTest" time="0.001"/>
  <testcase name="criticalPureRulesHaveAnEnforcedMutationThreshold()" classname="com.powers.quality.ReleasePipelineContractTest" time="0.0"/>
  <testcase name="filteredRunsUseCallerSpecificResultDirectories()" classname="com.powers.quality.ReleasePipelineContractTest" time="0.0"/>
  <testcase name="continuousIntegrationRunsEveryMandatoryReleaseLaneOnJava25()" classname="com.powers.quality.ReleasePipelineContractTest" time="0.0"/>
  <system-out><![CDATA[]]></system-out>
  <system-err><![CDATA[]]></system-err>
</testsuite>
