<?xml version="1.0" encoding="UTF-8"?>
<testsuite name="com.powers.item.ItemCatalogueExecutableAuditTest" tests="1" skipped="0" failures="0" errors="0" timestamp="2026-08-31T04:45:41.765Z" hostname="MacBook-Pro-de-James.local" time="0.006">
  <properties/>
  <testcase name="all260RowsHaveUniqueRegistryModelTranslationPurposeAndAcquisitionContracts()" classname="com.powers.item.ItemCatalogueExecutableAuditTest" time="0.006"/>
  <system-out><![CDATA[]]></system-out>
  <system-err><![CDATA[]]></system-err>
</testsuite>
