<?xml version="1.0" encoding="UTF-8"?>
<testsuite name="com.powers.mind.BodyReturnOwnerPolicyTest" tests="2" skipped="0" failures="0" errors="0" timestamp="2026-08-31T02:06:52.271Z" hostname="MacBook-Pro-de-James.local" time="0.001">
  <properties/>
  <testcase name="lifecycleReferenceWinsWhenPlayerListLookupIsNotYetAvailable()" classname="com.powers.mind.BodyReturnOwnerPolicyTest" time="0.0"/>
  <testcase name="delayedCompletionUsesTheCurrentListedPlayer()" classname="com.powers.mind.BodyReturnOwnerPolicyTest" time="0.001"/>
  <system-out><![CDATA[]]></system-out>
  <system-err><![CDATA[]]></system-err>
</testsuite>
