<?xml version="1.0" encoding="UTF-8"?>
<testsuite name="com.powers.client.visual.LightRealmSkyBoundaryTest" tests="3" skipped="0" failures="0" errors="0" timestamp="2026-08-31T02:06:44.223Z" hostname="MacBook-Pro-de-James.local" time="0.002">
  <properties/>
  <testcase name="lifecyclePrebuildsBoundedBuffersAndCircuitBreaksToStaticWhite()" classname="com.powers.client.visual.LightRealmSkyBoundaryTest" time="0.0"/>
  <testcase name="boundaryHasNoShaderTextureSodiumOrOuterRendererCoupling()" classname="com.powers.client.visual.LightRealmSkyBoundaryTest" time="0.0"/>
  <testcase name="mixinPreservesWhiteFallbackThenAddsAndClosesOneOwnedRenderer()" classname="com.powers.client.visual.LightRealmSkyBoundaryTest" time="0.0"/>
  <system-out><![CDATA[]]></system-out>
  <system-err><![CDATA[]]></system-err>
</testsuite>
