<?xml version="1.0" encoding="UTF-8"?>
<testsuite name="com.powers.network.ServerboundPayloadBoundsTest" tests="3" skipped="0" failures="0" errors="0" timestamp="2026-08-31T02:06:52.539Z" hostname="MacBook-Pro-de-James.local" time="0.002">
  <properties/>
  <testcase name="teleportTargetNamesAreBoundedToAuthoredEntityNameLength()" classname="com.powers.network.ServerboundPayloadBoundsTest" time="0.001"/>
  <testcase name="locatorNamesAreBoundedToAuthoredMobNameLength()" classname="com.powers.network.ServerboundPayloadBoundsTest" time="0.001"/>
  <testcase name="rankNodeIdentifiersAreBoundedToTheirGrammar()" classname="com.powers.network.ServerboundPayloadBoundsTest" time="0.0"/>
  <system-out><![CDATA[]]></system-out>
  <system-err><![CDATA[]]></system-err>
</testsuite>
