<?xml version="1.0" encoding="UTF-8"?>
<testsuite name="com.powers.entity.TestActorPowerStateTest" tests="3" skipped="0" failures="0" errors="0" timestamp="2026-08-29T23:34:11.979Z" hostname="MacBook-Pro-de-James.local" time="0.0">
  <properties/>
  <testcase name="anchorExpiresAtItsExactDeadline()" classname="com.powers.entity.TestActorPowerStateTest" time="0.0"/>
  <testcase name="simulatedEnergyIsFiniteAndSaturating()" classname="com.powers.entity.TestActorPowerStateTest" time="0.0"/>
  <testcase name="invalidAnchorAndExplicitCleanupLeaveNoState()" classname="com.powers.entity.TestActorPowerStateTest" time="0.0"/>
  <system-out><![CDATA[]]></system-out>
  <system-err><![CDATA[]]></system-err>
</testsuite>
