<?xml version="1.0" encoding="UTF-8"?>
<testsuite name="com.powers.fx.FxGeometryTest" tests="7" skipped="0" failures="0" errors="0" timestamp="2026-08-31T05:01:54.258Z" hostname="MacBook-Pro-de-James.local" time="0.004">
  <properties/>
  <testcase name="reusableTransformBufferMatchesLegacyGeometryWithoutPerPointResults()" classname="com.powers.fx.FxGeometryTest" time="0.001"/>
  <testcase name="immutableGeometryIsReusedForIdenticalSemanticRequests()" classname="com.powers.fx.FxGeometryTest" time="0.0"/>
  <testcase name="reducedMotionReplacesMovingGeometryWithStaticSigils()" classname="com.powers.fx.FxGeometryTest" time="0.0"/>
  <testcase name="invalidGeometryScaleCannotReachTheRenderer()" classname="com.powers.fx.FxGeometryTest" time="0.001"/>
  <testcase name="frameScaleChangesPhysicalGeometryRatherThanOnlyParticleCount()" classname="com.powers.fx.FxGeometryTest" time="0.0"/>
  <testcase name="distanceAndIntensityRespectTheClientBudget()" classname="com.powers.fx.FxGeometryTest" time="0.001"/>
  <testcase name="everyMotifProducesFiniteBoundedGeometry()" classname="com.powers.fx.FxGeometryTest" time="0.0"/>
  <system-out><![CDATA[]]></system-out>
  <system-err><![CDATA[]]></system-err>
</testsuite>
