<?xml version="1.0" encoding="UTF-8"?>
<testsuite name="com.powers.network.CompanionPacketBudgetTest" tests="2" skipped="0" failures="0" errors="0" timestamp="2026-08-31T04:45:42.260Z" hostname="MacBook-Pro-de-James.local" time="0.001">
  <properties/>
  <testcase name="ordinaryPacketsHaveAHardPerTickLimitThatResetsNextTick()" classname="com.powers.network.CompanionPacketBudgetTest" time="0.001"/>
  <testcase name="backwardsTickMovementAlsoStartsAFreshWindow()" classname="com.powers.network.CompanionPacketBudgetTest" time="0.0"/>
  <system-out><![CDATA[]]></system-out>
  <system-err><![CDATA[]]></system-err>
</testsuite>
