<?xml version="1.0" encoding="UTF-8"?>
<testsuite name="com.powers.player.PlayerTickCadenceTest" tests="2" skipped="0" failures="0" errors="0" timestamp="2026-08-31T02:06:54.119Z" hostname="MacBook-Pro-de-James.local" time="0.001">
  <properties/>
  <testcase name="oneCoordinatorPassScalesLinearlyAtTwentyAndFiftyPlayers()" classname="com.powers.player.PlayerTickCadenceTest" time="0.001"/>
  <testcase name="derivesAllPlayerWorkCadencesFromOneTick()" classname="com.powers.player.PlayerTickCadenceTest" time="0.0"/>
  <system-out><![CDATA[]]></system-out>
  <system-err><![CDATA[]]></system-err>
</testsuite>
