<?xml version="1.0" encoding="UTF-8"?>
<testsuite name="com.powers.util.FairOwnerWorkQueueTest" tests="2" skipped="0" failures="0" errors="0" timestamp="2026-08-31T03:13:01.815Z" hostname="MacBook-Pro-de-James.local" time="0.0">
  <properties/>
  <testcase name="capacityAndOwnerRemovalAreExact()" classname="com.powers.util.FairOwnerWorkQueueTest" time="0.0"/>
  <testcase name="oneOwnerCannotStarveAnotherInsideTheGlobalBudget()" classname="com.powers.util.FairOwnerWorkQueueTest" time="0.0"/>
  <system-out><![CDATA[]]></system-out>
  <system-err><![CDATA[]]></system-err>
</testsuite>
