<?xml version="1.0" encoding="UTF-8"?>
<testsuite name="com.powers.power.state.TimeStopSavedDataTest" tests="4" skipped="0" failures="0" errors="0" timestamp="2026-08-29T23:34:14.847Z" hostname="MacBook-Pro-de-James.local" time="0.002">
  <properties/>
  <testcase name="schemaOneJournalDecodesOnlyAsStaleRecoveryAuthority()" classname="com.powers.power.state.TimeStopSavedDataTest" time="0.0"/>
  <testcase name="evenValidPowersJournalsRetireWithoutThawingAnAmbiguousStartupClock()" classname="com.powers.power.state.TimeStopSavedDataTest" time="0.002"/>
  <testcase name="schemaTwoLeaseJournalRoundTripsAndCanBeClearedIdempotently()" classname="com.powers.power.state.TimeStopSavedDataTest" time="0.0"/>
  <testcase name="malformedActiveJournalsAreClearedWithoutAuthorizingVanillaThaw()" classname="com.powers.power.state.TimeStopSavedDataTest" time="0.0"/>
  <system-out><![CDATA[]]></system-out>
  <system-err><![CDATA[]]></system-err>
</testsuite>
