<?xml version="1.0" encoding="UTF-8"?>
<testsuite name="com.powers.power.artifact.ArtifactChainRulesTest" tests="1" skipped="0" failures="0" errors="0" timestamp="2026-08-31T04:00:23.838Z" hostname="MacBook-Pro-de-James.local" time="0.001">
  <properties/>
  <testcase name="chainRequiresLiveSameRealmVisibleUnsuppressedTargetsInsideRange()" classname="com.powers.power.artifact.ArtifactChainRulesTest" time="0.001"/>
  <system-out><![CDATA[]]></system-out>
  <system-err><![CDATA[]]></system-err>
</testsuite>
