<?xml version="1.0" encoding="UTF-8"?>
<testsuite name="com.powers.ai.PerceptionSnapshotRulesTest" tests="3" skipped="0" failures="0" errors="0" timestamp="2026-08-31T04:45:33.577Z" hostname="MacBook-Pro-de-James.local" time="0.005">
  <properties/>
  <testcase name="queryProfilesPreserveLegacyCapsAndGrowOnlyOnDemand()" classname="com.powers.ai.PerceptionSnapshotRulesTest" time="0.001"/>
  <testcase name="selectionIsBoundedDeterministicAndImmutable()" classname="com.powers.ai.PerceptionSnapshotRulesTest" time="0.003"/>
  <testcase name="sharedSnapshotPassesThirtyPercentInspectionGate()" classname="com.powers.ai.PerceptionSnapshotRulesTest" time="0.001"/>
  <system-out><![CDATA[]]></system-out>
  <system-err><![CDATA[]]></system-err>
</testsuite>
