<?xml version="1.0" encoding="UTF-8"?>
<testsuite name="com.powers.animation.CastingPoseRendererSourceTest" tests="1" skipped="0" failures="0" errors="0" timestamp="2026-08-29T23:34:04.991Z" hostname="MacBook-Pro-de-James.local" time="0.001">
  <properties/>
  <testcase name="onlyOwnedPlayerLikeRenderersApplyPostVanillaPoseDeltas()" classname="com.powers.animation.CastingPoseRendererSourceTest" time="0.001"/>
  <system-out><![CDATA[]]></system-out>
  <system-err><![CDATA[]]></system-err>
</testsuite>
