<?xml version="1.0" encoding="UTF-8"?>
<testsuite name="com.powers.item.RuneTierRulesTest" tests="2" skipped="0" failures="0" errors="0" timestamp="2026-08-31T04:00:21.603Z" hostname="MacBook-Pro-de-James.local" time="0.001">
  <properties/>
  <testcase name="largerRunesHaveLongerButBoundedChannelRecovery()" classname="com.powers.item.RuneTierRulesTest" time="0.0"/>
  <testcase name="authoredRunestoneSizesCarryDistinctEnergy()" classname="com.powers.item.RuneTierRulesTest" time="0.0"/>
  <system-out><![CDATA[]]></system-out>
  <system-err><![CDATA[]]></system-err>
</testsuite>
