<?xml version="1.0" encoding="UTF-8"?>
<testsuite name="com.powers.performance.SyntheticMultiplayerSoakTest" tests="2" skipped="0" failures="0" errors="0" timestamp="2026-08-31T05:01:55.406Z" hostname="MacBook-Pro-de-James.local" time="1.664">
  <properties/>
  <testcase name="serverBudgetsRemainBoundedAcrossAdvertisedPlayerCounts()" classname="com.powers.performance.SyntheticMultiplayerSoakTest" time="1.022"/>
  <testcase name="representativeHundredPlayerWorkloadHasAnAllocationRegressionBudget()" classname="com.powers.performance.SyntheticMultiplayerSoakTest" time="0.642"/>
  <system-out><![CDATA[]]></system-out>
  <system-err><![CDATA[]]></system-err>
</testsuite>
