<?xml version="1.0" encoding="UTF-8"?>
<testsuite name="com.powers.client.visual.HudCombinationMatrixTest" tests="1" skipped="0" failures="0" errors="0" timestamp="2026-08-31T02:06:44.164Z" hostname="MacBook-Pro-de-James.local" time="0.059">
  <properties/>
  <testcase name="everySupportedHudCaseIsUniqueScaledAndVanillaAligned()" classname="com.powers.client.visual.HudCombinationMatrixTest" time="0.059"/>
  <system-out><![CDATA[]]></system-out>
  <system-err><![CDATA[]]></system-err>
</testsuite>
