<?xml version="1.0" encoding="UTF-8"?>
<testsuite name="com.powers.player.AdvancementResourcesTest" tests="3" skipped="0" failures="0" errors="0" timestamp="2026-08-31T02:06:54.107Z" hostname="MacBook-Pro-de-James.local" time="0.002">
  <properties/>
  <testcase name="darknessLevelsAreGrantedOnlyByThePersistentDeedTracker()" classname="com.powers.player.AdvancementResourcesTest" time="0.001"/>
  <testcase name="normalLevelsAreGrantedOnlyByThePersistentMasteryTracker()" classname="com.powers.player.AdvancementResourcesTest" time="0.001"/>
  <testcase name="progressionRootsUseVersionCorrectGuiSprites()" classname="com.powers.player.AdvancementResourcesTest" time="0.0"/>
  <system-out><![CDATA[]]></system-out>
  <system-err><![CDATA[]]></system-err>
</testsuite>
