<?xml version="1.0" encoding="UTF-8"?>
<testsuite name="com.powers.loot.LootInjectionCatalogTest" tests="2" skipped="0" failures="0" errors="0" timestamp="2026-08-31T04:45:42.015Z" hostname="MacBook-Pro-de-James.local" time="0.002">
  <properties/>
  <testcase name="wisdomFruitHasOneLowRateArchivistRealmSource()" classname="com.powers.loot.LootInjectionCatalogTest" time="0.001"/>
  <testcase name="augmentsEveryFormerOverrideWithoutReplacingVanillaTables()" classname="com.powers.loot.LootInjectionCatalogTest" time="0.001"/>
  <system-out><![CDATA[]]></system-out>
  <system-err><![CDATA[]]></system-err>
</testsuite>
