<?xml version="1.0" encoding="UTF-8"?>
<testsuite name="com.powers.fx.ParticleBudgetTest" tests="4" skipped="0" failures="0" errors="0" timestamp="2026-08-31T02:06:51.450Z" hostname="MacBook-Pro-de-James.local" time="0.001">
  <properties/>
  <testcase name="capsOneTickAndResetsOnTheNext()" classname="com.powers.fx.ParticleBudgetTest" time="0.001"/>
  <testcase name="rejectsNegativeRequestsAndUsesAtLeastOneSlot()" classname="com.powers.fx.ParticleBudgetTest" time="0.0"/>
  <testcase name="reducesDenseBurstsOnlyForViewersInsideTheFirstPersonClarityRadius()" classname="com.powers.fx.ParticleBudgetTest" time="0.0"/>
  <testcase name="nearCameraForwardConePreservesTheReticle()" classname="com.powers.fx.ParticleBudgetTest" time="0.0"/>
  <system-out><![CDATA[]]></system-out>
  <system-err><![CDATA[]]></system-err>
</testsuite>
