<?xml version="1.0" encoding="UTF-8"?>
<testsuite name="com.powers.quality.EnergyCooldownPropertyTest" tests="2" skipped="0" failures="0" errors="0" timestamp="2026-08-29T23:34:15.044Z" hostname="MacBook-Pro-de-James.local" time="0.059">
  <properties/>
  <testcase name="capacitiesAndCooldownsNeverBecomeNegativeOrWrap()" classname="com.powers.quality.EnergyCooldownPropertyTest" time="0.009"/>
  <testcase name="reservoirDebitIsAtomicConservativeAndNeverDuplicatesEnergy()" classname="com.powers.quality.EnergyCooldownPropertyTest" time="0.05"/>
  <system-out><![CDATA[]]></system-out>
  <system-err><![CDATA[]]></system-err>
</testsuite>
