<?xml version="1.0" encoding="UTF-8"?>
<testsuite name="com.powers.loot.LootDistributionSimulatorTest" tests="2" skipped="0" failures="0" errors="0" timestamp="2026-08-31T03:12:21.464Z" hostname="MacBook-Pro-de-James.local" time="0.196">
  <properties/>
  <testcase name="countRangeAndEqualItemWeightsAreReproducible()" classname="com.powers.loot.LootDistributionSimulatorTest" time="0.015"/>
  <testcase name="everyInjectedPoolMatchesItsAuthoredProbabilityAndIgnoresForeignWeights()" classname="com.powers.loot.LootDistributionSimulatorTest" time="0.181"/>
  <system-out><![CDATA[]]></system-out>
  <system-err><![CDATA[]]></system-err>
</testsuite>
