<?xml version="1.0" encoding="UTF-8"?>
<testsuite name="com.powers.spell.BloodReadingReportTest" tests="2" skipped="0" failures="0" errors="0" timestamp="2026-08-29T23:34:48.558Z" hostname="MacBook-Pro-de-James.local" time="0.001">
  <properties/>
  <testcase name="invalidNumbersAreSanitizedRatherThanLeakingToChat()" classname="com.powers.spell.BloodReadingReportTest" time="0.001"/>
  <testcase name="reportBoundsEffectsAndCalculatesHealthPercentage()" classname="com.powers.spell.BloodReadingReportTest" time="0.0"/>
  <system-out><![CDATA[]]></system-out>
  <system-err><![CDATA[]]></system-err>
</testsuite>
