<?xml version="1.0" encoding="UTF-8"?>
<testsuite name="com.powers.power.abilities.AstralProjectionAbilityTest" tests="2" skipped="0" failures="0" errors="0" timestamp="2026-08-31T04:00:23.821Z" hostname="MacBook-Pro-de-James.local" time="0.0">
  <properties/>
  <testcase name="initialSpiritPositionClearsTheBodyRegardlessOfLookPitch()" classname="com.powers.power.abilities.AstralProjectionAbilityTest" time="0.0"/>
  <testcase name="initialSpiritPositionUsesTheHorizontalLookDirection()" classname="com.powers.power.abilities.AstralProjectionAbilityTest" time="0.0"/>
  <system-out><![CDATA[]]></system-out>
  <system-err><![CDATA[]]></system-err>
</testsuite>
