<?xml version="1.0" encoding="UTF-8"?>
<testsuite name="com.powers.power.abilities.VesselControlRulesTest" tests="2" skipped="0" failures="0" errors="0" timestamp="2026-08-31T03:12:23.768Z" hostname="MacBook-Pro-de-James.local" time="0.001">
  <properties/>
  <testcase name="hotbarAndAttackTargetsStayInsideServerAuthority()" classname="com.powers.power.abilities.VesselControlRulesTest" time="0.0"/>
  <testcase name="movementIsNormalizedAndBoundedAgainstForgedInputs()" classname="com.powers.power.abilities.VesselControlRulesTest" time="0.0"/>
  <system-out><![CDATA[]]></system-out>
  <system-err><![CDATA[]]></system-err>
</testsuite>
