<?xml version="1.0" encoding="UTF-8"?>
<testsuite name="com.powers.item.ItemCatalogueDocumentationTest" tests="2" skipped="0" failures="0" errors="0" timestamp="2026-08-31T04:45:41.762Z" hostname="MacBook-Pro-de-James.local" time="0.003">
  <properties/>
  <testcase name="generatedCatalogueCoversEveryRegisteredImportedAndWeaponItem()" classname="com.powers.item.ItemCatalogueDocumentationTest" time="0.002"/>
  <testcase name="catalogueUsesOnlyImplementedEnergyArtifactTerminology()" classname="com.powers.item.ItemCatalogueDocumentationTest" time="0.001"/>
  <system-out><![CDATA[]]></system-out>
  <system-err><![CDATA[]]></system-err>
</testsuite>
