<?xml version="1.0" encoding="UTF-8"?>
<testsuite name="com.powers.power.crystals.CrystalSelectorRulesTest" tests="2" skipped="0" failures="0" errors="0" timestamp="2026-08-31T05:01:57.111Z" hostname="MacBook-Pro-de-James.local" time="0.0">
  <properties/>
  <testcase name="sevenModeRadialSelectionIsBoundedAndKeyboardEquivalent()" classname="com.powers.power.crystals.CrystalSelectorRulesTest" time="0.0"/>
  <testcase name="responsiveLayoutLeavesRoomForFullButtonsAndHints()" classname="com.powers.power.crystals.CrystalSelectorRulesTest" time="0.0"/>
  <system-out><![CDATA[]]></system-out>
  <system-err><![CDATA[]]></system-err>
</testsuite>
