<?xml version="1.0" encoding="UTF-8"?>
<testsuite name="com.powers.mind.ParticipantPowerLockTest" tests="3" skipped="0" failures="0" errors="0" timestamp="2026-08-31T04:45:42.212Z" hostname="MacBook-Pro-de-James.local" time="0.0">
  <properties/>
  <testcase name="oneSessionLocksEveryParticipantAndRejectsNestedSessions()" classname="com.powers.mind.ParticipantPowerLockTest" time="0.0"/>
  <testcase name="releasingASessionUnlocksOnlyItsParticipants()" classname="com.powers.mind.ParticipantPowerLockTest" time="0.0"/>
  <testcase name="duplicateAndEmptyParticipantSetsAreRejectedWithoutPartialLocks()" classname="com.powers.mind.ParticipantPowerLockTest" time="0.0"/>
  <system-out><![CDATA[]]></system-out>
  <system-err><![CDATA[]]></system-err>
</testsuite>
