<?xml version="1.0" encoding="UTF-8"?>
<testsuite name="com.powers.companion.ShadowRuntimeLifecycleTest" tests="2" skipped="0" failures="0" errors="0" timestamp="2026-08-31T03:12:20.724Z" hostname="MacBook-Pro-de-James.local" time="0.007">
  <properties/>
  <testcase name="repeatedCleanupIsIdempotentAcrossEveryTransientOwner()" classname="com.powers.companion.ShadowRuntimeLifecycleTest" time="0.006"/>
  <testcase name="timeFreezeRetirementIsBodyScopedIdempotentAndPreservesOtherToggles()" classname="com.powers.companion.ShadowRuntimeLifecycleTest" time="0.001"/>
  <system-out><![CDATA[]]></system-out>
  <system-err><![CDATA[]]></system-err>
</testsuite>
