<?xml version="1.0" encoding="UTF-8"?>
<testsuite name="com.powers.spell.AuguryReportTest" tests="3" skipped="0" failures="0" errors="0" timestamp="2026-08-31T05:02:35.467Z" hostname="MacBook-Pro-de-James.local" time="0.001">
  <properties/>
  <testcase name="weatherClassificationUsesTheStrongestObservedState()" classname="com.powers.spell.AuguryReportTest" time="0.001"/>
  <testcase name="moonNamesCoverEveryVanillaPhase()" classname="com.powers.spell.AuguryReportTest" time="0.0"/>
  <testcase name="realmEventCountdownIsDeterministicAcrossCycleBoundaries()" classname="com.powers.spell.AuguryReportTest" time="0.0"/>
  <system-out><![CDATA[]]></system-out>
  <system-err><![CDATA[]]></system-err>
</testsuite>
