<?xml version="1.0" encoding="UTF-8"?>
<testsuite name="com.powers.realm.LegacyRealmGamemodeRulesTest" tests="2" skipped="0" failures="0" errors="0" timestamp="2026-08-31T02:07:32.310Z" hostname="MacBook-Pro-de-James.local" time="0.0">
  <properties/>
  <testcase name="restoresAValidSnapshotOnlyWhenTheOldCodeLeftThePlayerInAdventure()" classname="com.powers.realm.LegacyRealmGamemodeRulesTest" time="0.0"/>
  <testcase name="malformedAndEmptySnapshotsNeverOverrideTheCurrentMode()" classname="com.powers.realm.LegacyRealmGamemodeRulesTest" time="0.0"/>
  <system-out><![CDATA[]]></system-out>
  <system-err><![CDATA[]]></system-err>
</testsuite>
