<?xml version="1.0" encoding="UTF-8"?>
<testsuite name="com.powers.companion.ShadowStatusSyncRulesTest" tests="1" skipped="0" failures="0" errors="0" timestamp="2026-08-29T23:34:11.929Z" hostname="MacBook-Pro-de-James.local" time="0.0">
  <properties/>
  <testcase name="sendsOnSuppressionChangeLifecycleBoundaryOrBoundedHeartbeatOnly()" classname="com.powers.companion.ShadowStatusSyncRulesTest" time="0.0"/>
  <system-out><![CDATA[]]></system-out>
  <system-err><![CDATA[]]></system-err>
</testsuite>
