<?xml version="1.0" encoding="UTF-8"?>
<testsuite name="com.powers.companion.LoreDialogueEngineTest" tests="2" skipped="0" failures="0" errors="0" timestamp="2026-08-29T23:34:11.823Z" hostname="MacBook-Pro-de-James.local" time="0.003">
  <properties/>
  <testcase name="speaksFromFictionalContextWithoutImmediateRepetition()" classname="com.powers.companion.LoreDialogueEngineTest" time="0.002"/>
  <testcase name="bossVoiceUsesASeparateOriginalRegister()" classname="com.powers.companion.LoreDialogueEngineTest" time="0.001"/>
  <system-out><![CDATA[]]></system-out>
  <system-err><![CDATA[]]></system-err>
</testsuite>
