<?xml version="1.0" encoding="UTF-8"?>
<testsuite name="com.powers.network.CelestialRuinPacketsTest" tests="2" skipped="0" failures="0" errors="0" timestamp="2026-08-29T23:34:12.925Z" hostname="MacBook-Pro-de-James.local" time="0.017">
  <properties/>
  <testcase name="nonFiniteAndHiddenCuesFailClosed()" classname="com.powers.network.CelestialRuinPacketsTest" time="0.001"/>
  <testcase name="observerTierSurvivesNetworkRoundTrip()" classname="com.powers.network.CelestialRuinPacketsTest" time="0.016"/>
  <system-out><![CDATA[]]></system-out>
  <system-err><![CDATA[]]></system-err>
</testsuite>
