<?xml version="1.0" encoding="UTF-8"?>
<testsuite name="com.powers.power.travel.TeleportStormTrackerTest" tests="2" skipped="0" failures="0" errors="0" timestamp="2026-08-31T03:12:23.849Z" hostname="MacBook-Pro-de-James.local" time="0.0">
  <properties/>
  <testcase name="oneOwnerCannotStartTwoStormsAndCleanupAllowsTheNext()" classname="com.powers.power.travel.TeleportStormTrackerTest" time="0.0"/>
  <testcase name="nullAndUnknownOwnersCannotCorruptTheTracker()" classname="com.powers.power.travel.TeleportStormTrackerTest" time="0.0"/>
  <system-out><![CDATA[]]></system-out>
  <system-err><![CDATA[]]></system-err>
</testsuite>
