<?xml version="1.0" encoding="UTF-8"?>
<testsuite name="com.powers.power.SoulLinkMathTest" tests="3" skipped="0" failures="0" errors="0" timestamp="2026-08-29T23:34:14.743Z" hostname="MacBook-Pro-de-James.local" time="0.0">
  <properties/>
  <testcase name="mirroredDamageIsCappedPerTargetAcrossTheWholeLink()" classname="com.powers.power.SoulLinkMathTest" time="0.0"/>
  <testcase name="topologyNeverExceedsEightAndMirroredBaselineExcludesPriorReflection()" classname="com.powers.power.SoulLinkMathTest" time="0.0"/>
  <testcase name="findsLargestRealWoundAndSnapshotsPostMirrorHealth()" classname="com.powers.power.SoulLinkMathTest" time="0.0"/>
  <system-out><![CDATA[]]></system-out>
  <system-err><![CDATA[]]></system-err>
</testsuite>
