<?xml version="1.0" encoding="UTF-8"?>
<testsuite name="com.powers.PowerStatusEffectsTest" tests="2" skipped="0" failures="0" errors="0" timestamp="2026-08-29T23:34:03.205Z" hostname="MacBook-Pro-de-James.local" time="1.763">
  <properties/>
  <testcase name="hiddenEffectKeepsItsHudIconWithoutEntityParticles()" classname="com.powers.PowerStatusEffectsTest" time="0.0"/>
  <testcase name="internalMovementEffectCanHideItsShortLivedIcon()" classname="com.powers.PowerStatusEffectsTest" time="0.0"/>
  <system-out><![CDATA[]]></system-out>
  <system-err><![CDATA[]]></system-err>
</testsuite>
