<?xml version="1.0" encoding="UTF-8"?>
<testsuite name="com.powers.power.state.MagicShieldManagerTest" tests="6" skipped="0" failures="0" errors="0" timestamp="2026-08-31T05:01:57.113Z" hostname="MacBook-Pro-de-James.local" time="0.001">
  <properties/>
  <testcase name="sameOwnerRecastsRepairAndMergeWithoutReplacingOwnership()" classname="com.powers.power.state.MagicShieldManagerTest" time="0.001"/>
  <testcase name="activeOwnerSnapshotIsBoundedByActualShieldsAndDropsExpiredEntries()" classname="com.powers.power.state.MagicShieldManagerTest" time="0.0"/>
  <testcase name="sharingRequiresAPlayerCompatibleTarget()" classname="com.powers.power.state.MagicShieldManagerTest" time="0.0"/>
  <testcase name="expiredUnknownAndInvalidImpactsCannotCreateImmortality()" classname="com.powers.power.state.MagicShieldManagerTest" time="0.0"/>
  <testcase name="sharedShieldCarriesTheCastersReflectionVariant()" classname="com.powers.power.state.MagicShieldManagerTest" time="0.0"/>
  <testcase name="shieldConsumesFiniteIntegrityAndCollapses()" classname="com.powers.power.state.MagicShieldManagerTest" time="0.0"/>
  <system-out><![CDATA[]]></system-out>
  <system-err><![CDATA[]]></system-err>
</testsuite>
