<?xml version="1.0" encoding="UTF-8"?>
<testsuite name="com.powers.progression.InnatePowerLevelsTest" tests="2" skipped="0" failures="0" errors="0" timestamp="2026-08-31T00:50:09.277Z" hostname="MacBook-Pro-de-James.local" time="0.001">
  <properties/>
  <testcase name="levelsClampAndPowerShapesRemainMeaningfullyDistinct()" classname="com.powers.progression.InnatePowerLevelsTest" time="0.0"/>
  <testcase name="allTwentyThreeInnatesHaveFiniteAuthoredValuesAtAllElevenLevels()" classname="com.powers.progression.InnatePowerLevelsTest" time="0.001"/>
  <system-out><![CDATA[]]></system-out>
  <system-err><![CDATA[]]></system-err>
</testsuite>
