<?xml version="1.0" encoding="UTF-8"?>
<testsuite name="com.powers.entity.GuardianFieldRulesTest" tests="2" skipped="0" failures="0" errors="0" timestamp="2026-08-31T00:50:06.175Z" hostname="MacBook-Pro-de-James.local" time="0.0">
  <properties/>
  <testcase name="fieldsPulseOnBoundedTacticalCadences()" classname="com.powers.entity.GuardianFieldRulesTest" time="0.0"/>
  <testcase name="alignedFieldsHarmOnlyTheOpposedFaction()" classname="com.powers.entity.GuardianFieldRulesTest" time="0.0"/>
  <system-out><![CDATA[]]></system-out>
  <system-err><![CDATA[]]></system-err>
</testsuite>
