<?xml version="1.0" encoding="UTF-8"?>
<testsuite name="com.powers.fx.AdaptiveFxBudgetTest" tests="2" skipped="0" failures="0" errors="0" timestamp="2026-08-31T05:01:54.248Z" hostname="MacBook-Pro-de-James.local" time="0.001">
  <properties/>
  <testcase name="pressureDegradesImmediatelyButRecoveryRequiresAStableWindow()" classname="com.powers.fx.AdaptiveFxBudgetTest" time="0.001"/>
  <testcase name="scaledGeometryRetainsAReadableMinimum()" classname="com.powers.fx.AdaptiveFxBudgetTest" time="0.0"/>
  <system-out><![CDATA[]]></system-out>
  <system-err><![CDATA[]]></system-err>
</testsuite>
