<?xml version="1.0" encoding="UTF-8"?>
<testsuite name="com.powers.network.CastNonceTrackerTest" tests="3" skipped="0" failures="0" errors="0" timestamp="2026-08-29T23:34:12.924Z" hostname="MacBook-Pro-de-James.local" time="0.0">
  <properties/>
  <testcase name="lifecycleCleanupForgetsEveryOutstandingNonce()" classname="com.powers.network.CastNonceTrackerTest" time="0.0"/>
  <testcase name="expiredNonceIsRejected()" classname="com.powers.network.CastNonceTrackerTest" time="0.0"/>
  <testcase name="nonceCanBeConsumedOnlyOnceByItsOwnerBeforeExpiry()" classname="com.powers.network.CastNonceTrackerTest" time="0.0"/>
  <system-out><![CDATA[]]></system-out>
  <system-err><![CDATA[]]></system-err>
</testsuite>
