<?xml version="1.0" encoding="UTF-8"?>
<testsuite name="com.powers.network.BodyProxyPacketsTest" tests="2" skipped="0" failures="0" errors="0" timestamp="2026-08-31T05:01:55.177Z" hostname="MacBook-Pro-de-James.local" time="0.002">
  <properties/>
  <testcase name="boundedJsonTransportRoundTripsTheSnapshotCodec()" classname="com.powers.network.BodyProxyPacketsTest" time="0.0"/>
  <testcase name="invalidAndOversizedPayloadsAreRejectedWithoutClientState()" classname="com.powers.network.BodyProxyPacketsTest" time="0.001"/>
  <system-out><![CDATA[]]></system-out>
  <system-err><![CDATA[]]></system-err>
</testsuite>
