<?xml version="1.0" encoding="UTF-8"?>
<testsuite name="com.powers.companion.ShadowManifestationRulesTest" tests="2" skipped="0" failures="0" errors="0" timestamp="2026-08-31T00:50:05.942Z" hostname="MacBook-Pro-de-James.local" time="0.001">
  <properties/>
  <testcase name="revealTransitionsReuseTheBodyAndNeverCleanseItsState()" classname="com.powers.companion.ShadowManifestationRulesTest" time="0.0"/>
  <testcase name="recordedBodyWinsDuplicateReconciliationAndDeathCreatesARecallDelay()" classname="com.powers.companion.ShadowManifestationRulesTest" time="0.0"/>
  <system-out><![CDATA[]]></system-out>
  <system-err><![CDATA[]]></system-err>
</testsuite>
