<?xml version="1.0" encoding="UTF-8"?>
<testsuite name="com.powers.animation.CastingPoseAnglesTest" tests="5" skipped="0" failures="0" errors="0" timestamp="2026-08-31T04:45:33.583Z" hostname="MacBook-Pro-de-James.local" time="0.004">
  <properties/>
  <testcase name="handedProjectPoseMirrorsTheDominantArm()" classname="com.powers.animation.CastingPoseAnglesTest" time="0.001"/>
  <testcase name="normalMotionEasesInHoldsAndEasesOut()" classname="com.powers.animation.CastingPoseAnglesTest" time="0.001"/>
  <testcase name="reducedMotionIsStaticDirectionalAndLowerAmplitude()" classname="com.powers.animation.CastingPoseAnglesTest" time="0.0"/>
  <testcase name="locomotionPolicySuppressesIncompatibleFlightAndSwimmingButPreservesWalkingReadability()" classname="com.powers.animation.CastingPoseAnglesTest" time="0.0"/>
  <testcase name="everyPoseAndStyleStaysInsideJointCaps()" classname="com.powers.animation.CastingPoseAnglesTest" time="0.001"/>
  <system-out><![CDATA[]]></system-out>
  <system-err><![CDATA[]]></system-err>
</testsuite>
