<?xml version="1.0" encoding="UTF-8"?>
<testsuite name="com.powers.spell.VerdantTendingRulesTest" tests="2" skipped="0" failures="0" errors="0" timestamp="2026-08-31T02:07:32.326Z" hostname="MacBook-Pro-de-James.local" time="0.0">
  <properties/>
  <testcase name="classifiesOnlyAuthoredRestorationTargets()" classname="com.powers.spell.VerdantTendingRulesTest" time="0.0"/>
  <testcase name="workCapsAreFiniteAndIndependent()" classname="com.powers.spell.VerdantTendingRulesTest" time="0.0"/>
  <system-out><![CDATA[]]></system-out>
  <system-err><![CDATA[]]></system-err>
</testsuite>
