<?xml version="1.0" encoding="UTF-8"?>
<testsuite name="com.powers.config.PowersConfigTest" tests="6" skipped="0" failures="0" errors="0" timestamp="2026-08-31T00:50:06.156Z" hostname="MacBook-Pro-de-James.local" time="0.002">
  <properties/>
  <testcase name="missingJsonFieldsKeepSafeDefaults()" classname="com.powers.config.PowersConfigTest" time="0.001"/>
  <testcase name="defaultsEnableCombatScarsButProtectValuableBlocksAndPlayers()" classname="com.powers.config.PowersConfigTest" time="0.0"/>
  <testcase name="ordinaryTerrainDefaultsAllowCombatScars()" classname="com.powers.config.PowersConfigTest" time="0.001"/>
  <testcase name="sanitizationClampsUnsafeNumericValues()" classname="com.powers.config.PowersConfigTest" time="0.0"/>
  <testcase name="legacyGeneratedTerrainDefaultMigratesOnceButVersionTwoOptOutRemains()" classname="com.powers.config.PowersConfigTest" time="0.0"/>
  <testcase name="malformedOrExcessiveSafeZonesBecomeFiniteAndBounded()" classname="com.powers.config.PowersConfigTest" time="0.0"/>
  <system-out><![CDATA[]]></system-out>
  <system-err><![CDATA[]]></system-err>
</testsuite>
