<?xml version="1.0" encoding="UTF-8"?>
<testsuite name="com.powers.magic.runtime.CastLifecycleOwnershipTest" tests="1" skipped="0" failures="0" errors="0" timestamp="2026-08-31T00:50:07.088Z" hostname="MacBook-Pro-de-James.local" time="0.0">
  <properties/>
  <testcase name="innateAndArtifactChannelsRetainOnlyTheirActualOwnership()" classname="com.powers.magic.runtime.CastLifecycleOwnershipTest" time="0.0"/>
  <system-out><![CDATA[]]></system-out>
  <system-err><![CDATA[]]></system-err>
</testsuite>
