<?xml version="1.0" encoding="UTF-8"?>
<testsuite name="com.powers.network.CelestialRuinPacketsTest" tests="2" skipped="0" failures="0" errors="0" timestamp="2026-08-31T03:12:21.855Z" hostname="MacBook-Pro-de-James.local" time="0.019">
  <properties/>
  <testcase name="nonFiniteAndHiddenCuesFailClosed()" classname="com.powers.network.CelestialRuinPacketsTest" time="0.0"/>
  <testcase name="observerTierSurvivesNetworkRoundTrip()" classname="com.powers.network.CelestialRuinPacketsTest" time="0.018"/>
  <system-out><![CDATA[]]></system-out>
  <system-err><![CDATA[]]></system-err>
</testsuite>
