<?xml version="1.0" encoding="UTF-8"?>
<testsuite name="com.powers.fx.RankTenSilhouetteProfileTest" tests="4" skipped="0" failures="0" errors="0" timestamp="2026-08-29T23:34:12.065Z" hostname="MacBook-Pro-de-James.local" time="0.001">
  <properties/>
  <testcase name="catalogueExactlyMatchesAllTwentyThreeInnatesWithUniqueMonochromeOutlines()" classname="com.powers.fx.RankTenSilhouetteProfileTest" time="0.0"/>
  <testcase name="aliasesAreCanonicalAndUnknownPowersOrNetworkIdsNeverAcquireAnIdentity()" classname="com.powers.fx.RankTenSilhouetteProfileTest" time="0.0"/>
  <testcase name="primitiveRecordsRejectNonFiniteOrUnboundedDefinitionsAndRemainImmutable()" classname="com.powers.fx.RankTenSilhouetteProfileTest" time="0.0"/>
  <testcase name="palettesAreClosedLegalAndDoNotChangeThePrimitiveIdentity()" classname="com.powers.fx.RankTenSilhouetteProfileTest" time="0.001"/>
  <system-out><![CDATA[]]></system-out>
  <system-err><![CDATA[]]></system-err>
</testsuite>
