<?xml version="1.0" encoding="UTF-8"?>
<testsuite name="com.powers.network.ProtocolHandshakeRulesTest" tests="3" skipped="0" failures="0" errors="0" timestamp="2026-08-31T04:00:22.216Z" hostname="MacBook-Pro-de-James.local" time="0.001">
  <properties/>
  <testcase name="rejectsAProtocolMismatchWithAnActionableDisconnectReason()" classname="com.powers.network.ProtocolHandshakeRulesTest" time="0.0"/>
  <testcase name="rejectsMalformedVersionsWithoutThrowing()" classname="com.powers.network.ProtocolHandshakeRulesTest" time="0.0"/>
  <testcase name="acceptsTheExactProtocolAndReportsBothVersions()" classname="com.powers.network.ProtocolHandshakeRulesTest" time="0.0"/>
  <system-out><![CDATA[]]></system-out>
  <system-err><![CDATA[]]></system-err>
</testsuite>
