<?xml version="1.0" encoding="UTF-8"?>
<testsuite name="com.powers.hud.EnergySymbolAssetTest" tests="2" skipped="0" failures="0" errors="0" timestamp="2026-08-31T03:12:21.357Z" hostname="MacBook-Pro-de-James.local" time="0.001">
  <properties/>
  <testcase name="atlasKeepsFifteenNinePixelVanillaWeightSymbols()" classname="com.powers.hud.EnergySymbolAssetTest" time="0.001"/>
  <testcase name="allFiveEmptyStatesHaveDistinctNonColourShapeCuesAndUseTheReviewedRedraw()" classname="com.powers.hud.EnergySymbolAssetTest" time="0.0"/>
  <system-out><![CDATA[]]></system-out>
  <system-err><![CDATA[]]></system-err>
</testsuite>
