<?xml version="1.0" encoding="UTF-8"?>
<testsuite name="com.powers.companion.ShadowConjurationManagerTest" tests="2" skipped="0" failures="0" errors="0" timestamp="2026-08-31T03:12:20.614Z" hostname="MacBook-Pro-de-James.local" time="0.001">
  <properties/>
  <testcase name="riteTimingAndInterruptionAreDeterministic()" classname="com.powers.companion.ShadowConjurationManagerTest" time="0.001"/>
  <testcase name="reservationsCommitOnceOrRefundOnce()" classname="com.powers.companion.ShadowConjurationManagerTest" time="0.0"/>
  <system-out><![CDATA[]]></system-out>
  <system-err><![CDATA[]]></system-err>
</testsuite>
