<?xml version="1.0" encoding="UTF-8"?>
<testsuite name="com.powers.network.SemanticFxBatchAccumulatorTest" tests="4" skipped="0" failures="0" errors="0" timestamp="2026-08-31T04:45:42.407Z" hostname="MacBook-Pro-de-James.local" time="0.002">
  <properties/>
  <testcase name="aMixedBurstBeyondThe128EntryLimitStillDeliversInExactOrder()" classname="com.powers.network.SemanticFxBatchAccumulatorTest" time="0.001"/>
  <testcase name="tickRolloverFlushesButConnectionRolloverMarksStalePresentation()" classname="com.powers.network.SemanticFxBatchAccumulatorTest" time="0.0"/>
  <testcase name="capacityRolloverReturnsTheEarlierTailBeforeTheNewImmediateCue()" classname="com.powers.network.SemanticFxBatchAccumulatorTest" time="0.001"/>
  <testcase name="preservesOneImmediateCueAndBatchesOnlyTheMeasuredCompressibleTail()" classname="com.powers.network.SemanticFxBatchAccumulatorTest" time="0.0"/>
  <system-out><![CDATA[]]></system-out>
  <system-err><![CDATA[]]></system-err>
</testsuite>
