<?xml version="1.0" encoding="UTF-8"?>
<testsuite name="com.powers.companion.ShadowTaskControllerTest" tests="2" skipped="0" failures="0" errors="0" timestamp="2026-08-31T05:01:54.090Z" hostname="MacBook-Pro-de-James.local" time="0.004">
  <properties/>
  <testcase name="oneForegroundTaskOwnsAndReleasesItsReservation()" classname="com.powers.companion.ShadowTaskControllerTest" time="0.003"/>
  <testcase name="timeoutsAndCompletionReturnExactSaveSafeReasons()" classname="com.powers.companion.ShadowTaskControllerTest" time="0.001"/>
  <system-out><![CDATA[]]></system-out>
  <system-err><![CDATA[]]></system-err>
</testsuite>
