<?xml version="1.0" encoding="UTF-8"?>
<testsuite name="com.powers.companion.combat.BoundedCombatLearnerTest" tests="2" skipped="0" failures="0" errors="0" timestamp="2026-08-31T04:00:20.945Z" hostname="MacBook-Pro-de-James.local" time="0.009">
  <properties/>
  <testcase name="rewardModifierExplorationAndCountsAreStrictlyBounded()" classname="com.powers.companion.combat.BoundedCombatLearnerTest" time="0.006"/>
  <testcase name="creditCompletionAndVersionedPersistenceAreDeterministic()" classname="com.powers.companion.combat.BoundedCombatLearnerTest" time="0.003"/>
  <system-out><![CDATA[]]></system-out>
  <system-err><![CDATA[]]></system-err>
</testsuite>
