<?xml version="1.0" encoding="UTF-8"?>
<testsuite name="com.powers.testing.ManualAcceptanceChecklistTest" tests="3" skipped="0" failures="0" errors="0" timestamp="2026-08-31T03:13:01.672Z" hostname="MacBook-Pro-de-James.local" time="0.003">
  <properties/>
  <testcase name="resultLedgerRejectsDuplicateAndEvidenceFreeClaims()" classname="com.powers.testing.ManualAcceptanceChecklistTest" time="0.0"/>
  <testcase name="registryPresenceCannotBeReportedAsBehavioralPass()" classname="com.powers.testing.ManualAcceptanceChecklistTest" time="0.0"/>
  <testcase name="generatedChecklistContainsEveryRegisteredItemActionEntityScreenAndCommand()" classname="com.powers.testing.ManualAcceptanceChecklistTest" time="0.003"/>
  <system-out><![CDATA[]]></system-out>
  <system-err><![CDATA[]]></system-err>
</testsuite>
