<?xml version="1.0" encoding="UTF-8"?>
<testsuite name="com.powers.power.artifact.ArtifactImpactRulesTest" tests="2" skipped="0" failures="0" errors="0" timestamp="2026-08-31T00:50:09.193Z" hostname="MacBook-Pro-de-James.local" time="0.001">
  <properties/>
  <testcase name="amethystAndKineticWardsBlockTheirRespectiveOutcomes()" classname="com.powers.power.artifact.ArtifactImpactRulesTest" time="0.001"/>
  <testcase name="damageAndForcedMovementAreIndependentProtectionDecisions()" classname="com.powers.power.artifact.ArtifactImpactRulesTest" time="0.0"/>
  <system-out><![CDATA[]]></system-out>
  <system-err><![CDATA[]]></system-err>
</testsuite>
