<?xml version="1.0" encoding="UTF-8"?>
<testsuite name="com.powers.forge.CrucibleAtomicityContractTest" tests="2" skipped="0" failures="0" errors="0" timestamp="2026-08-29T23:34:12.045Z" hostname="MacBook-Pro-de-James.local" time="0.001">
  <properties/>
  <testcase name="everyPrecommitInterruptionSharesTheSamePersistentInventoryBoundary()" classname="com.powers.forge.CrucibleAtomicityContractTest" time="0.0"/>
  <testcase name="resultCommitsIntoThePersistentWeaponSlotWithoutASecondOwnershipBoundary()" classname="com.powers.forge.CrucibleAtomicityContractTest" time="0.001"/>
  <system-out><![CDATA[]]></system-out>
  <system-err><![CDATA[]]></system-err>
</testsuite>
