<?xml version="1.0" encoding="UTF-8"?>
<testsuite name="com.powers.item.artifact.ArtifactMenuRulesTest" tests="4" skipped="0" failures="0" errors="0" timestamp="2026-08-31T02:06:51.970Z" hostname="MacBook-Pro-de-James.local" time="0.0">
  <properties/>
  <testcase name="selectionVariantsUseAbilityPathsRatherThanIdentifierStringEquality()" classname="com.powers.item.artifact.ArtifactMenuRulesTest" time="0.0"/>
  <testcase name="malformedGravityVariantsFallBackToNeutralOrbit()" classname="com.powers.item.artifact.ArtifactMenuRulesTest" time="0.0"/>
  <testcase name="groupsAndPagesRemainSmallAndDeterministic()" classname="com.powers.item.artifact.ArtifactMenuRulesTest" time="0.0"/>
  <testcase name="malformedParallelPacketListsFallBackSafely()" classname="com.powers.item.artifact.ArtifactMenuRulesTest" time="0.0"/>
  <system-out><![CDATA[]]></system-out>
  <system-err><![CDATA[]]></system-err>
</testsuite>
