<?xml version="1.0" encoding="UTF-8"?>
<testsuite name="com.powers.spell.CartographerQueryTest" tests="3" skipped="0" failures="0" errors="0" timestamp="2026-08-31T02:07:32.317Z" hostname="MacBook-Pro-de-James.local" time="0.0">
  <properties/>
  <testcase name="rejectsMissingModesInvalidIdentifiersAndOversizedInput()" classname="com.powers.spell.CartographerQueryTest" time="0.0"/>
  <testcase name="normalizesAuthoredLandmarkNames()" classname="com.powers.spell.CartographerQueryTest" time="0.0"/>
  <testcase name="parsesNamespacedStructureAndBiomeQueries()" classname="com.powers.spell.CartographerQueryTest" time="0.0"/>
  <system-out><![CDATA[]]></system-out>
  <system-err><![CDATA[]]></system-err>
</testsuite>
