<?xml version="1.0" encoding="UTF-8"?>
<testsuite name="com.powers.client.audio.ClientLayeredAudioMixerSourceTest" tests="3" skipped="0" failures="0" errors="0" timestamp="2026-08-31T05:01:47.062Z" hostname="MacBook-Pro-de-James.local" time="0.001">
  <properties/>
  <testcase name="localCelestialUsesItsOriginAndSharedSpatialClassification()" classname="com.powers.client.audio.ClientLayeredAudioMixerSourceTest" time="0.0"/>
  <testcase name="positionalSoundRetainsOriginPlayerCategoryAndLinearAttenuation()" classname="com.powers.client.audio.ClientLayeredAudioMixerSourceTest" time="0.0"/>
  <testcase name="mixerPerformsOneColliderClipAndPlaysOneSelectedPositionalEvent()" classname="com.powers.client.audio.ClientLayeredAudioMixerSourceTest" time="0.001"/>
  <system-out><![CDATA[]]></system-out>
  <system-err><![CDATA[]]></system-err>
</testsuite>
