<?xml version="1.0" encoding="UTF-8"?>
<testsuite name="com.powers.client.visual.HudCombinationMatrixTest" tests="1" skipped="0" failures="0" errors="0" timestamp="2026-08-29T23:34:05.254Z" hostname="MacBook-Pro-de-James.local" time="0.055">
  <properties/>
  <testcase name="everySupportedHudCaseIsUniqueScaledAndVanillaAligned()" classname="com.powers.client.visual.HudCombinationMatrixTest" time="0.055"/>
  <system-out><![CDATA[]]></system-out>
  <system-err><![CDATA[]]></system-err>
</testsuite>
