<?xml version="1.0" encoding="UTF-8"?>
<testsuite name="com.powers.time.TemporalClocksTest" tests="4" skipped="0" failures="0" errors="0" timestamp="2026-08-31T03:13:01.811Z" hostname="MacBook-Pro-de-James.local" time="0.0">
  <properties/>
  <testcase name="parkedWorldTickNeverRepeatsCadenceWork()" classname="com.powers.time.TemporalClocksTest" time="0.0"/>
  <testcase name="worldClockAdvancesOnlyWhenVanillaIsNotFrozen()" classname="com.powers.time.TemporalClocksTest" time="0.0"/>
  <testcase name="deadlineMathCannotCrossClockKinds()" classname="com.powers.time.TemporalClocksTest" time="0.0"/>
  <testcase name="clockValuesRejectNegativeTicksAndSaturateDeadlines()" classname="com.powers.time.TemporalClocksTest" time="0.0"/>
  <system-out><![CDATA[]]></system-out>
  <system-err><![CDATA[]]></system-err>
</testsuite>
