<?xml version="1.0" encoding="UTF-8"?>
<testsuite name="com.powers.forge.CrucibleLightningRulesTest" tests="2" skipped="0" failures="0" errors="0" timestamp="2026-08-31T00:50:06.258Z" hostname="MacBook-Pro-de-James.local" time="0.001">
  <properties/>
  <testcase name="damageCapsProtectPlayersAndServers()" classname="com.powers.forge.CrucibleLightningRulesTest" time="0.001"/>
  <testcase name="energyAndDamageScaleWithoutCooldown()" classname="com.powers.forge.CrucibleLightningRulesTest" time="0.0"/>
  <system-out><![CDATA[]]></system-out>
  <system-err><![CDATA[]]></system-err>
</testsuite>
