<?xml version="1.0" encoding="UTF-8"?>
<testsuite name="com.powers.entity.PlayerLikeEntityResourcesTest" tests="2" skipped="0" failures="0" errors="0" timestamp="2026-08-29T23:34:11.975Z" hostname="MacBook-Pro-de-James.local" time="0.001">
  <properties/>
  <testcase name="darkRealmNaturallySpawnsTheDarknessCreature()" classname="com.powers.entity.PlayerLikeEntityResourcesTest" time="0.0"/>
  <testcase name="everyPlayerLikeSkinUsesTheVanillaCanvasAndPaintsEveryBaseFace()" classname="com.powers.entity.PlayerLikeEntityResourcesTest" time="0.001"/>
  <system-out><![CDATA[]]></system-out>
  <system-err><![CDATA[]]></system-err>
</testsuite>
