<?xml version="1.0" encoding="UTF-8"?>
<testsuite name="com.powers.power.abilities.ThunderclapRulesTest" tests="2" skipped="0" failures="0" errors="0" timestamp="2026-08-31T00:50:09.190Z" hostname="MacBook-Pro-de-James.local" time="0.001">
  <properties/>
  <testcase name="waveIsWideForwardFacingAndRangeBounded()" classname="com.powers.power.abilities.ThunderclapRulesTest" time="0.0"/>
  <testcase name="verticalAimFallsBackToTheCastersYaw()" classname="com.powers.power.abilities.ThunderclapRulesTest" time="0.001"/>
  <system-out><![CDATA[]]></system-out>
  <system-err><![CDATA[]]></system-err>
</testsuite>
