<?xml version="1.0" encoding="UTF-8"?>
<testsuite name="com.powers.power.AbilityActivationContextTest" tests="2" skipped="0" failures="0" errors="0" timestamp="2026-08-31T05:01:57.084Z" hostname="MacBook-Pro-de-James.local" time="0.001">
  <properties/>
  <testcase name="scopedCooldownIsVisibleAndAlwaysRestored()" classname="com.powers.power.AbilityActivationContextTest" time="0.001"/>
  <testcase name="nestedScopesRestoreTheOuterCast()" classname="com.powers.power.AbilityActivationContextTest" time="0.0"/>
  <system-out><![CDATA[]]></system-out>
  <system-err><![CDATA[]]></system-err>
</testsuite>
