<?xml version="1.0" encoding="UTF-8"?>
<testsuite name="com.powers.network.PowerStatePayloadTest" tests="5" skipped="0" failures="0" errors="0" timestamp="2026-08-31T02:06:52.532Z" hostname="MacBook-Pro-de-James.local" time="0.003">
  <properties/>
  <testcase name="stateSurvivesNetworkRoundTrip()" classname="com.powers.network.PowerStatePayloadTest" time="0.002"/>
  <testcase name="stateSnapshotDoesNotAliasMutableSources()" classname="com.powers.network.PowerStatePayloadTest" time="0.0"/>
  <testcase name="authoritativeEnergyHistorySurvivesNetworkRoundTrip()" classname="com.powers.network.PowerStatePayloadTest" time="0.0"/>
  <testcase name="reactivationTimersAreNonNegativeAndAlignedToPowerSlots()" classname="com.powers.network.PowerStatePayloadTest" time="0.0"/>
  <testcase name="sizeSelectionSurvivesPayloadConstruction()" classname="com.powers.network.PowerStatePayloadTest" time="0.0"/>
  <system-out><![CDATA[]]></system-out>
  <system-err><![CDATA[]]></system-err>
</testsuite>
