<?xml version="1.0" encoding="UTF-8"?>
<testsuite name="com.powers.ServerMagicSchedulerTest" tests="2" skipped="0" failures="0" errors="0" timestamp="2026-08-31T00:49:58.322Z" hostname="MacBook-Pro-de-James.local" time="0.002">
  <properties/>
  <testcase name="visualStormBoltsOrbitOutsideTheFirstPersonCamera()" classname="com.powers.ServerMagicSchedulerTest" time="0.002"/>
  <testcase name="stormAdmissionCapsGlobalStateButAllowsOwnerReplacement()" classname="com.powers.ServerMagicSchedulerTest" time="0.0"/>
  <system-out><![CDATA[]]></system-out>
  <system-err><![CDATA[]]></system-err>
</testsuite>
