<?xml version="1.0" encoding="UTF-8"?>
<testsuite name="com.powers.realm.RealmLandmarkBlueprintTest" tests="2" skipped="0" failures="0" errors="0" timestamp="2026-08-31T03:13:01.654Z" hostname="MacBook-Pro-de-James.local" time="0.002">
  <properties/>
  <testcase name="everyAuthoredLandmarkUsesDistinctBoundedTemplatePieces()" classname="com.powers.realm.RealmLandmarkBlueprintTest" time="0.001"/>
  <testcase name="authoredSitesHaveLootPuzzlesAndProcessorLists()" classname="com.powers.realm.RealmLandmarkBlueprintTest" time="0.001"/>
  <system-out><![CDATA[]]></system-out>
  <system-err><![CDATA[]]></system-err>
</testsuite>
