<?xml version="1.0" encoding="UTF-8"?>
<testsuite name="com.powers.network.UniqueNameIndexTest" tests="5" skipped="0" failures="0" errors="0" timestamp="2026-08-31T04:00:22.263Z" hostname="MacBook-Pro-de-James.local" time="0.002">
  <properties/>
  <testcase name="formattingCompatibilityAndConfusablesCannotForgeUniqueness()" classname="com.powers.network.UniqueNameIndexTest" time="0.001"/>
  <testcase name="candidateReadsStopAtTheAmbiguityThreshold()" classname="com.powers.network.UniqueNameIndexTest" time="0.0"/>
  <testcase name="renameMovesAnIdentityBetweenNormalizedBuckets()" classname="com.powers.network.UniqueNameIndexTest" time="0.0"/>
  <testcase name="controlOnlyAndOversizedNamesAreNotIndexed()" classname="com.powers.network.UniqueNameIndexTest" time="0.0"/>
  <testcase name="diagnosticsExposeCandidateAndStaleWork()" classname="com.powers.network.UniqueNameIndexTest" time="0.001"/>
  <system-out><![CDATA[]]></system-out>
  <system-err><![CDATA[]]></system-err>
</testsuite>
