<?xml version="1.0" encoding="UTF-8"?>
<testsuite name="com.powers.magic.ActionRegistryReloadListenerTest" tests="2" skipped="0" failures="0" errors="0" timestamp="2026-08-31T02:06:52.181Z" hostname="MacBook-Pro-de-James.local" time="0.002">
  <properties/>
  <testcase name="datapackDocumentsMergeInStableResourceOrder()" classname="com.powers.magic.ActionRegistryReloadListenerTest" time="0.001"/>
  <testcase name="duplicateAliasAcrossPacksRejectsEntirePreparedReload()" classname="com.powers.magic.ActionRegistryReloadListenerTest" time="0.0"/>
  <system-out><![CDATA[]]></system-out>
  <system-err><![CDATA[]]></system-err>
</testsuite>
