<?xml version="1.0" encoding="UTF-8"?>
<testsuite name="com.powers.force.BlockWorkBudgetTest" tests="4" skipped="0" failures="0" errors="0" timestamp="2026-08-31T04:00:21.023Z" hostname="MacBook-Pro-de-James.local" time="0.064">
  <properties/>
  <testcase name="rotatesRemainderWithoutDependingOnInputOrderOrDuplicates()" classname="com.powers.force.BlockWorkBudgetTest" time="0.0"/>
  <testcase name="dividesOneHardCapAcrossDimensionsForOneProtectionPolicySnapshot()" classname="com.powers.force.BlockWorkBudgetTest" time="0.001"/>
  <testcase name="moreLanesThanCapacityReceiveWorkWithinOneRound()" classname="com.powers.force.BlockWorkBudgetTest" time="0.062"/>
  <testcase name="zeroCapacityNeverManufacturesWork()" classname="com.powers.force.BlockWorkBudgetTest" time="0.0"/>
  <system-out><![CDATA[]]></system-out>
  <system-err><![CDATA[]]></system-err>
</testsuite>
