<?xml version="1.0" encoding="UTF-8"?>
<testsuite name="com.powers.power.PowerEnergyTest" tests="2" skipped="0" failures="0" errors="0" timestamp="2026-08-31T02:06:54.124Z" hostname="MacBook-Pro-de-James.local" time="0.001">
  <properties/>
  <testcase name="everyIndefiniteInnateToggleHasPositiveUpkeepAndTimeFreezeCostsMost()" classname="com.powers.power.PowerEnergyTest" time="0.0"/>
  <testcase name="capacityArithmeticCannotOverflowOnCorruptInputs()" classname="com.powers.power.PowerEnergyTest" time="0.0"/>
  <system-out><![CDATA[]]></system-out>
  <system-err><![CDATA[]]></system-err>
</testsuite>
