<?xml version="1.0" encoding="UTF-8"?>
<testsuite name="com.powers.power.abilities.DimensionalAnchorRulesTest" tests="1" skipped="0" failures="0" errors="0" timestamp="2026-08-31T04:45:44.031Z" hostname="MacBook-Pro-de-James.local" time="0.001">
  <properties/>
  <testcase name="renewalsExtendFromTheCurrentDeadlineAndDiagnosticsAreExact()" classname="com.powers.power.abilities.DimensionalAnchorRulesTest" time="0.001"/>
  <system-out><![CDATA[]]></system-out>
  <system-err><![CDATA[]]></system-err>
</testsuite>
