<?xml version="1.0" encoding="UTF-8"?>
<testsuite name="com.powers.performance.FxAllocationProfileTest" tests="2" skipped="0" failures="0" errors="0" timestamp="2026-08-31T04:45:42.457Z" hostname="MacBook-Pro-de-James.local" time="0.016">
  <properties/>
  <testcase name="productionHotPathAllocatesAtLeastTwentyPercentLessThanExactBaseline()" classname="com.powers.performance.FxAllocationProfileTest" time="0.015"/>
  <testcase name="profileCountsSemanticOperationsAndReportsBoundedRetention()" classname="com.powers.performance.FxAllocationProfileTest" time="0.001"/>
  <system-out><![CDATA[]]></system-out>
  <system-err><![CDATA[]]></system-err>
</testsuite>
