<?xml version="1.0" encoding="UTF-8"?>
<testsuite name="com.powers.quality.ProductionReachabilityTest" tests="1" skipped="0" failures="0" errors="0" timestamp="2026-08-31T05:01:57.530Z" hostname="MacBook-Pro-de-James.local" time="14.102">
  <properties/>
  <testcase name="everyTopLevelProductionTypeHasAProductionOrResourceConsumer()" classname="com.powers.quality.ProductionReachabilityTest" time="14.102"/>
  <system-out><![CDATA[]]></system-out>
  <system-err><![CDATA[]]></system-err>
</testsuite>
